This is pdfTeX, Version 3.141592653-2.6-1.40.24 (TeX Live 2022) (preloaded format=pdflatex 2023.2.13)  15 JAN 2026 17:12
entering extended mode
 restricted \write18 enabled.
 file:line:error style messages enabled.
 %&-line parsing enabled.
**c:/Users/ztf/Desktop/‰∏ã‰∏Ä‰∏™ÁÇπ/Ëá™ÂÆöËÆ∫Êñá/CHINESE-JOURNAL-OF-COMPUTERS--Overleaf-Latex-Template/Data-Trading-Game-Theory/CHINESE-JOURNAL-OF-COMPUTERS--Overleaf-Latex-Template-main/CjC_template_tex.tex
(c:/Users/ztf/Desktop/‰∏ã‰∏Ä‰∏™ÁÇπ/Ëá™ÂÆöËÆ∫Êñá/CHINESE-JOURNAL-OF-COMPUTERS--Overleaf-Latex-Template/Data-Trading-Game-Theory/CHINESE-JOURNAL-OF-COMPUTERS--Overleaf-Latex-Template-main/CjC_template_tex.tex
LaTeX2e <2021-11-15> patch level 1
L3 programming layer <2022-02-24> (./CjC.cls
Document Class: CjC 2019/01/01 v0.1 CjC LaTeX Chinese template class
(c:/texlive/2022/texmf-dist/tex/latex/base/article.cls
Document Class: article 2021/10/04 v1.4n Standard LaTeX document class
(c:/texlive/2022/texmf-dist/tex/latex/base/size10.clo
File: size10.clo 2021/10/04 v1.4n Standard LaTeX file (size option)
)
\c@part=\count185
\c@section=\count186
\c@subsection=\count187
\c@subsubsection=\count188
\c@paragraph=\count189
\c@subparagraph=\count190
\c@figure=\count191
\c@table=\count192
\abovecaptionskip=\skip47
\belowcaptionskip=\skip48
\bibindent=\dimen138
) (c:/texlive/2022/texmf-dist/tex/latex/base/ifthen.sty
Package: ifthen 2020/11/24 v1.1c Standard LaTeX ifthen package (DPC)
) (c:/texlive/2022/texmf-dist/tex/latex/sttools/flushend.sty
Package: flushend 2021/10/04 v4.0 Balancing columns in twocolumn mode
\flushend@@lastskip@a=\skip49
\flushend@@lastskip@b=\skip50
\flushend@@lastnode=\count193
\var@@loop@iter=\count194
\var@@temp@spread=\dimen139
\var@@temp@a=\dimen140
\var@@temp@loop=\dimen141
\flushend@@page@rule=\dimen142
\flushend@@varbox@lastpage=\box50
\flushend@@varbox@a=\box51
\flushend@@varbox@c=\box52
\flushend@@tempbox@a=\box53
\flushend@@tempbox@c=\box54
\flushend@@floatbox=\box55
\@viper=\box56
\hold@viper=\box57
\atColsBreak=\toks16
\atColsEnd=\toks17
\oldbreak@skip=\dimen143
) (c:/texlive/2022/texmf-dist/tex/latex/graphics/graphicx.sty
Package: graphicx 2021/09/16 v1.2d Enhanced LaTeX Graphics (DPC,SPQR)
 (c:/texlive/2022/texmf-dist/tex/latex/graphics/keyval.sty
Package: keyval 2014/10/28 v1.15 key=value parser (DPC)
\KV@toks@=\toks18
) (c:/texlive/2022/texmf-dist/tex/latex/graphics/graphics.sty
Package: graphics 2021/03/04 v1.4d Standard LaTeX Graphics (DPC,SPQR)
 (c:/texlive/2022/texmf-dist/tex/latex/graphics/trig.sty
Package: trig 2021/08/11 v1.11 sin cos tan (DPC)
) (c:/texlive/2022/texmf-dist/tex/latex/graphics-cfg/graphics.cfg
File: graphics.cfg 2016/06/04 v1.11 sample graphics configuration
)
Package graphics Info: Driver file: pdftex.def on input line 107.
 (c:/texlive/2022/texmf-dist/tex/latex/graphics-def/pdftex.def
File: pdftex.def 2020/10/05 v1.2a Graphics/color driver for pdftex
))
\Gin@req@height=\dimen144
\Gin@req@width=\dimen145
) (c:/texlive/2022/texmf-dist/tex/latex/psnfss/times.sty
Package: times 2020/03/25 PSNFSS-v9.3 (SPQR) 
) (./picins.sty Option `picins' Version 3.0 Sep. 1992, TH Darmstadt/HRZ
\@BILD=\box58
\@TEXT=\box59
\d@breite=\dimen146
\d@hoehe=\dimen147
\d@xoff=\dimen148
\d@yoff=\dimen149
\d@shad=\dimen150
\d@dash=\dimen151
\d@boxl=\dimen152
\d@pichskip=\dimen153
\d@tmp=\dimen154
\d@tmpa=\dimen155
\d@bskip=\dimen156
\hsiz@=\dimen157
\p@getot@l=\dimen158
\c@breite=\count195
\c@hoehe=\count196
\c@xoff=\count197
\c@yoff=\count198
\c@pos=\count199
\c@shad=\count266
\c@dash=\count267
\c@boxl=\count268
\c@zeilen=\count269
\@changemode=\count270
\c@piccaption=\count271
\c@piccaptionpos=\count272
\c@picpos=\count273
\c@whole=\count274
\c@half=\count275
\c@tmp=\count276
\c@tmpa=\count277
\c@tmpb=\count278
\c@tmpc=\count279
\c@tmpd=\count280
\d@leftskip=\skip51
\ptoti=\dimen159
\ptotii=\dimen160
\env@box=\box60
\d@envdp=\dimen161
\c@hsize=\count281
\c@envdp=\count282
\d@envb=\dimen162
) (c:/texlive/2022/texmf-dist/tex/latex/ccaption/ccaption.sty
Package: ccaption 2011/08/07 v3.2c Extended captioning and new floats
\@contcwidth=\skip52
\@contindw=\skip53
\abovelegendskip=\skip54
\belowlegendskip=\skip55
\c@newflo@tctr=\count283
) (c:/texlive/2022/texmf-dist/tex/latex/tools/calc.sty
Package: calc 2017/05/25 v4.3 Infix arithmetic (KKT,FJ)
\calc@Acount=\count284
\calc@Bcount=\count285
\calc@Adimen=\dimen163
\calc@Bdimen=\dimen164
\calc@Askip=\skip56
\calc@Bskip=\skip57
LaTeX Info: Redefining \setlength on input line 80.
LaTeX Info: Redefining \addtolength on input line 81.
\calc@Ccount=\count286
\calc@Cskip=\skip58
)
\CjC@linespace=\skip59


LaTeX Font Warning: Font shape `OT1/cmr/m/n' in size <10.53937> not available
(Font)              size <10.95> substituted on input line 110.

) (./ctex.sty (c:/texlive/2022/texmf-dist/tex/latex/l3kernel/expl3.sty
Package: expl3 2022-02-24 L3 programming layer (loader) 
 (c:/texlive/2022/texmf-dist/tex/latex/l3backend/l3backend-pdftex.def
File: l3backend-pdftex.def 2022-02-07 L3 backend support: PDF output (pdfTeX)
\l__color_backend_stack_int=\count287
\l__pdf_internal_box=\box61
))
Package: ctex 2022/07/14 v2.5.10 Chinese adapter in LaTeX (CTEX)
 (c:/texlive/2022/texmf-dist/tex/latex/ctex/ctexhook.sty
Package: ctexhook 2021/12/12 v2.5.8 Document and package hooks (CTEX)
) (c:/texlive/2022/texmf-dist/tex/latex/ctex/ctexpatch.sty
Package: ctexpatch 2021/12/12 v2.5.8 Patching commands (CTEX)
) (c:/texlive/2022/texmf-dist/tex/latex/base/fix-cm.sty
Package: fix-cm 2020/11/24 v1.1t fixes to LaTeX
 (c:/texlive/2022/texmf-dist/tex/latex/base/ts1enc.def
File: ts1enc.def 2001/06/05 v3.0e (jk/car/fm) Standard LaTeX file
LaTeX Font Info:    Redeclaring font encoding TS1 on input line 47.
))
\l__ctex_tmp_int=\count288
\l__ctex_tmp_box=\box62
\l__ctex_tmp_dim=\dimen165
\g__ctex_section_depth_int=\count289
\g__ctex_font_size_int=\count290
 (c:/texlive/2022/texmf-dist/tex/latex/ctex/config/ctexopts.cfg
File: ctexopts.cfg 2021/12/12 v2.5.8 Option configuration file (CTEX)
) (c:/texlive/2022/texmf-dist/tex/latex/l3packages/l3keys2e/l3keys2e.sty
Package: l3keys2e 2022-01-12 LaTeX2e option processing using LaTeX3 keys
) (c:/texlive/2022/texmf-dist/tex/latex/ctex/engine/ctex-engine-pdftex.def
File: ctex-engine-pdftex.def 2021/12/12 v2.5.8 (pdf)LaTeX adapter (CTEX)
 (c:/texlive/2022/texmf-dist/tex/latex/cjk/texinput/CJKutf8.sty
Package: CJKutf8 2021/10/16 4.8.5
 (c:/texlive/2022/texmf-dist/tex/generic/iftex/ifpdf.sty
Package: ifpdf 2019/10/25 v3.4 ifpdf legacy package. Use iftex instead.
 (c:/texlive/2022/texmf-dist/tex/generic/iftex/iftex.sty
Package: iftex 2022/02/03 v1.0f TeX engine tests
)) (c:/texlive/2022/texmf-dist/tex/latex/base/inputenc.sty
Package: inputenc 2021/02/14 v1.3d Input encoding file
\inpenc@prehook=\toks19
\inpenc@posthook=\toks20
) (c:/texlive/2022/texmf-dist/tex/latex/cjk/texinput/CJK.sty
Package: CJK 2021/10/16 4.8.5
 (c:/texlive/2022/texmf-dist/tex/latex/cjk/texinput/mule/MULEenc.sty
Package: MULEenc 2021/10/16 4.8.5
) (c:/texlive/2022/texmf-dist/tex/latex/cjk/texinput/CJK.enc
File: CJK.enc 2021/10/16 4.8.5
Now handling font encoding C00 ...
... no UTF-8 mapping file for font encoding C00
Now handling font encoding C05 ...
... no UTF-8 mapping file for font encoding C05
Now handling font encoding C09 ...
... no UTF-8 mapping file for font encoding C09
Now handling font encoding C10 ...
... no UTF-8 mapping file for font encoding C10
Now handling font encoding C20 ...
... no UTF-8 mapping file for font encoding C20
Now handling font encoding C19 ...
... no UTF-8 mapping file for font encoding C19
Now handling font encoding C40 ...
... no UTF-8 mapping file for font encoding C40
Now handling font encoding C42 ...
... no UTF-8 mapping file for font encoding C42
Now handling font encoding C43 ...
... no UTF-8 mapping file for font encoding C43
Now handling font encoding C50 ...
... no UTF-8 mapping file for font encoding C50
Now handling font encoding C52 ...
... no UTF-8 mapping file for font encoding C52
Now handling font encoding C49 ...
... no UTF-8 mapping file for font encoding C49
Now handling font encoding C60 ...
... no UTF-8 mapping file for font encoding C60
Now handling font encoding C61 ...
... no UTF-8 mapping file for font encoding C61
Now handling font encoding C63 ...
... no UTF-8 mapping file for font encoding C63
Now handling font encoding C64 ...
... no UTF-8 mapping file for font encoding C64
Now handling font encoding C65 ...
... no UTF-8 mapping file for font encoding C65
Now handling font encoding C70 ...
... no UTF-8 mapping file for font encoding C70
Now handling font encoding C31 ...
... no UTF-8 mapping file for font encoding C31
Now handling font encoding C32 ...
... no UTF-8 mapping file for font encoding C32
Now handling font encoding C33 ...
... no UTF-8 mapping file for font encoding C33
Now handling font encoding C34 ...
... no UTF-8 mapping file for font encoding C34
Now handling font encoding C35 ...
... no UTF-8 mapping file for font encoding C35
Now handling font encoding C36 ...
... no UTF-8 mapping file for font encoding C36
Now handling font encoding C37 ...
... no UTF-8 mapping file for font encoding C37
Now handling font encoding C80 ...
... no UTF-8 mapping file for font encoding C80
Now handling font encoding C81 ...
... no UTF-8 mapping file for font encoding C81
Now handling font encoding C01 ...
... no UTF-8 mapping file for font encoding C01
Now handling font encoding C11 ...
... no UTF-8 mapping file for font encoding C11
Now handling font encoding C21 ...
... no UTF-8 mapping file for font encoding C21
Now handling font encoding C41 ...
... no UTF-8 mapping file for font encoding C41
Now handling font encoding C62 ...
... no UTF-8 mapping file for font encoding C62
)
\CJK@indent=\box63
) (c:/texlive/2022/texmf-dist/tex/latex/base/fontenc.sty
Package: fontenc 2021/04/29 v2.0v Standard LaTeX package
LaTeX Font Info:    Trying to load font information for OT1+ptm on input line 112.
 (c:/texlive/2022/texmf-dist/tex/latex/psnfss/ot1ptm.fd
File: ot1ptm.fd 2001/06/04 font definitions for OT1/ptm.
))) (c:/texlive/2022/texmf-dist/tex/latex/cjkpunct/CJKpunct.sty
Package: CJKpunct 2016/05/14 4.8.4
\CJKpunct@cnta=\count291
\CJKpunct@cntb=\count292
\CJKpunct@cntc=\count293
\CJKpunct@cntd=\count294
\CJKpunct@cnte=\count295
   defining Unicode char U+2018 (decimal 8216)
   defining Unicode char U+2019 (decimal 8217)
   defining Unicode char U+201C (decimal 8220)
   defining Unicode char U+201D (decimal 8221)
   defining Unicode char U+2014 (decimal 8212)
   defining Unicode char U+2026 (decimal 8230)
 (c:/texlive/2022/texmf-dist/tex/latex/cjkpunct/CJKpunct.spa)) (c:/texlive/2022/texmf-dist/tex/latex/cjk/texinput/CJKspace.sty
Package: CJKspace 2021/10/16 3.8.0
) (c:/texlive/2022/texmf-dist/tex/latex/ctex/ctexspa.def
File: ctexspa.def 2021/12/12 v2.5.8 Space info for CJKpunct (CTEX)
)
\ccwd=\dimen166
\l__ctex_ccglue_skip=\skip60
)
\l__ctex_ziju_dim=\dimen167
 (c:/texlive/2022/texmf-dist/tex/latex/zhnumber/zhnumber.sty
Package: zhnumber 2020/05/01 v2.8 Typesetting numbers with Chinese glyphs
 (c:/texlive/2022/texmf-dist/tex/latex/l3packages/xparse/xparse.sty
Package: xparse 2022-01-12 L3 Experimental document command parser
)
\l__zhnum_scale_int=\count296
\l__zhnum_byte_min_int=\count297
\l__zhnum_byte_max_int=\count298
 (c:/texlive/2022/texmf-dist/tex/latex/zhnumber/zhnumber-utf8.cfg
File: zhnumber-utf8.cfg 2020/05/01 v2.8 Chinese numerals with UTF8 encoding
)) (c:/texlive/2022/texmf-dist/tex/latex/ctex/scheme/ctex-scheme-chinese.def
File: ctex-scheme-chinese.def 2021/12/12 v2.5.8 Chinese scheme for generic (CTEX)
 (c:/texlive/2022/texmf-dist/tex/latex/ctex/config/ctex-name-utf8.cfg
File: ctex-name-utf8.cfg 2021/12/12 v2.5.8 Caption with encoding UTF-8 (CTEX)
)) (c:/texlive/2022/texmf-dist/tex/latex/tools/indentfirst.sty
Package: indentfirst 1995/11/23 v1.03 Indent first paragraph (DPC)
) (c:/texlive/2022/texmf-dist/tex/latex/ctex/ctex-c5size.clo
File: ctex-c5size.clo 2021/12/12 v2.5.8 c5size option (CTEX)
) (c:/texlive/2022/texmf-dist/tex/latex/ctex/fontset/ctex-fontset-windows.def
File: ctex-fontset-windows.def 2021/12/12 v2.5.8 Windows fonts definition (CTEX)
)) (c:/texlive/2022/texmf-dist/tex/latex/ctex/config/ctex.cfg
File: ctex.cfg 2021/12/12 v2.5.8 Configuration file (CTEX)
) (c:/texlive/2022/texmf-dist/tex/latex/footmisc/footmisc.sty
Package: footmisc 2022/03/08 v6.0d a miscellany of footnote facilities
\FN@temptoken=\toks21
\footnotemargin=\dimen168
\@outputbox@depth=\dimen169
Package footmisc Info: Declaring symbol style bringhurst on input line 695.
Package footmisc Info: Declaring symbol style chicago on input line 703.
Package footmisc Info: Declaring symbol style wiley on input line 712.
Package footmisc Info: Declaring symbol style lamport-robust on input line 723.
Package footmisc Info: Declaring symbol style lamport* on input line 743.
Package footmisc Info: Declaring symbol style lamport*-robust on input line 764.
) (c:/texlive/2022/texmf-dist/tex/latex/subfigure/subfigure.sty
Package: subfigure 2002/03/15 v2.1.5 subfigure package
\subfigtopskip=\skip61
\subfigcapskip=\skip62
\subfigcaptopadj=\dimen170
\subfigbottomskip=\skip63
\subfigcapmargin=\dimen171
\subfiglabelskip=\skip64
\c@subfigure=\count299
\c@lofdepth=\count300
\c@subtable=\count301
\c@lotdepth=\count302

****************************************
* Local config file subfigure.cfg used *
****************************************
(c:/texlive/2022/texmf-dist/tex/latex/subfigure/subfigure.cfg)
\subfig@top=\skip65
\subfig@bottom=\skip66
) (c:/texlive/2022/texmf-dist/tex/latex/url/url.sty
\Urlmuskip=\muskip16
Package: url 2013/09/16  ver 3.4  Verb mode for urls, etc.
) (c:/texlive/2022/texmf-dist/tex/latex/multirow/multirow.sty
Package: multirow 2021/03/15 v2.8 Span multiple rows of a table
\multirow@colwidth=\skip67
\multirow@cntb=\count303
\multirow@dima=\skip68
\bigstrutjot=\dimen172
) (c:/texlive/2022/texmf-dist/tex/latex/tools/multicol.sty
Package: multicol 2021/10/28 v1.9b multicolumn formatting (FMi)
\c@tracingmulticols=\count304
\mult@box=\box64
\multicol@leftmargin=\dimen173
\c@unbalance=\count305
\c@collectmore=\count306
\doublecol@number=\count307
\multicoltolerance=\count308
\multicolpretolerance=\count309
\full@width=\dimen174
\page@free=\dimen175
\premulticols=\dimen176
\postmulticols=\dimen177
\multicolsep=\skip69
\multicolbaselineskip=\skip70
\partial@page=\box65
\last@line=\box66
\maxbalancingoverflow=\dimen178
\mult@rightbox=\box67
\mult@grightbox=\box68
\mult@firstbox=\box69
\mult@gfirstbox=\box70
\@tempa=\box71
\@tempa=\box72
\@tempa=\box73
\@tempa=\box74
\@tempa=\box75
\@tempa=\box76
\@tempa=\box77
\@tempa=\box78
\@tempa=\box79
\@tempa=\box80
\@tempa=\box81
\@tempa=\box82
\@tempa=\box83
\@tempa=\box84
\@tempa=\box85
\@tempa=\box86
\@tempa=\box87
\@tempa=\box88
\@tempa=\box89
\@tempa=\box90
\@tempa=\box91
\@tempa=\box92
\@tempa=\box93
\@tempa=\box94
\@tempa=\box95
\@tempa=\box96
\@tempa=\box97
\@tempa=\box98
\@tempa=\box99
\@tempa=\box100
\@tempa=\box101
\@tempa=\box102
\@tempa=\box103
\@tempa=\box104
\@tempa=\box105
\@tempa=\box106
\c@minrows=\count310
\c@columnbadness=\count311
\c@finalcolumnbadness=\count312
\last@try=\dimen179
\multicolovershoot=\dimen180
\multicolundershoot=\dimen181
\mult@nat@firstbox=\box107
\colbreak@box=\box108
\mc@col@check@num=\count313
) (c:/texlive/2022/texmf-dist/tex/latex/cite/cite.sty
LaTeX Info: Redefining \cite on input line 302.
LaTeX Info: Redefining \nocite on input line 332.
Package: cite 2015/02/27  v 5.5
) (c:/texlive/2022/texmf-dist/tex/latex/amsmath/amsmath.sty
Package: amsmath 2021/10/15 v2.17l AMS math features
\@mathmargin=\skip71

For additional information on amsmath, use the `?' option.
(c:/texlive/2022/texmf-dist/tex/latex/amsmath/amstext.sty
Package: amstext 2021/08/26 v2.01 AMS text
 (c:/texlive/2022/texmf-dist/tex/latex/amsmath/amsgen.sty
File: amsgen.sty 1999/11/30 v2.0 generic functions
\@emptytoks=\toks22
\ex@=\dimen182
)) (c:/texlive/2022/texmf-dist/tex/latex/amsmath/amsbsy.sty
Package: amsbsy 1999/11/29 v1.2d Bold Symbols
\pmbraise@=\dimen183
) (c:/texlive/2022/texmf-dist/tex/latex/amsmath/amsopn.sty
Package: amsopn 2021/08/26 v2.02 operator names
)
\inf@bad=\count314
LaTeX Info: Redefining \frac on input line 234.
\uproot@=\count315
\leftroot@=\count316
LaTeX Info: Redefining \overline on input line 399.
\classnum@=\count317
\DOTSCASE@=\count318
LaTeX Info: Redefining \ldots on input line 496.
LaTeX Info: Redefining \dots on input line 499.
LaTeX Info: Redefining \cdots on input line 620.
\Mathstrutbox@=\box109
\strutbox@=\box110
\big@size=\dimen184
LaTeX Font Info:    Redeclaring font encoding OML on input line 743.
LaTeX Font Info:    Redeclaring font encoding OMS on input line 744.
\macc@depth=\count319
\c@MaxMatrixCols=\count320
\dotsspace@=\muskip17
\c@parentequation=\count321
\dspbrk@lvl=\count322
\tag@help=\toks23
\row@=\count323
\column@=\count324
\maxfields@=\count325
\andhelp@=\toks24
\eqnshift@=\dimen185
\alignsep@=\dimen186
\tagshift@=\dimen187
\tagwidth@=\dimen188
\totwidth@=\dimen189
\lineht@=\dimen190
\@envbody=\toks25
\multlinegap=\skip72
\multlinetaggap=\skip73
\mathdisplay@stack=\toks26
LaTeX Info: Redefining \[ on input line 2938.
LaTeX Info: Redefining \] on input line 2939.
) (c:/texlive/2022/texmf-dist/tex/latex/amscls/amsthm.sty
Package: amsthm 2020/05/29 v2.20.6
\thm@style=\toks27
\thm@bodyfont=\toks28
\thm@headfont=\toks29
\thm@notefont=\toks30
\thm@headpunct=\toks31
\thm@preskip=\skip74
\thm@postskip=\skip75
\thm@headsep=\skip76
\dth@everypar=\toks32
) (c:/texlive/2022/texmf-dist/tex/latex/amsfonts/amssymb.sty
Package: amssymb 2013/01/14 v3.01 AMS font symbols
 (c:/texlive/2022/texmf-dist/tex/latex/amsfonts/amsfonts.sty
Package: amsfonts 2013/01/14 v3.01 Basic AMSFonts support
\symAMSa=\mathgroup4
\symAMSb=\mathgroup5
LaTeX Font Info:    Redeclaring math symbol \hbar on input line 98.
LaTeX Font Info:    Overwriting math alphabet `\mathfrak' in version `bold'
(Font)                  U/euf/m/n --> U/euf/b/n on input line 106.
)) (c:/texlive/2022/texmf-dist/tex/latex/booktabs/booktabs.sty
Package: booktabs 2020/01/12 v1.61803398 Publication quality tables
\heavyrulewidth=\dimen191
\lightrulewidth=\dimen192
\cmidrulewidth=\dimen193
\belowrulesep=\dimen194
\belowbottomsep=\dimen195
\aboverulesep=\dimen196
\abovetopsep=\dimen197
\cmidrulesep=\dimen198
\cmidrulekern=\dimen199
\defaultaddspace=\dimen256
\@cmidla=\count326
\@cmidlb=\count327
\@aboverulesep=\dimen257
\@belowrulesep=\dimen258
\@thisruleclass=\count328
\@lastruleclass=\count329
\@thisrulewidth=\dimen259
) (c:/texlive/2022/texmf-dist/tex/latex/graphics/color.sty
Package: color 2021/12/07 v1.3c Standard LaTeX Color (DPC)
 (c:/texlive/2022/texmf-dist/tex/latex/graphics-cfg/color.cfg
File: color.cfg 2016/01/02 v1.6 sample color configuration
)
Package color Info: Driver file: pdftex.def on input line 149.
) (c:/texlive/2022/texmf-dist/tex/latex/float/float.sty
Package: float 2001/11/08 v1.3d Float enhancements (AL)
\c@float@type=\count330
\float@exts=\toks33
\float@box=\box111
\@float@everytoks=\toks34
\@floatcapt=\box112
) (c:/texlive/2022/texmf-dist/tex/latex/fancyhdr/fancyhdr.sty
Package: fancyhdr 2021/01/28 v4.0.1 Extensive control of page headers and footers
\f@nch@headwidth=\skip77
\f@nch@O@elh=\skip78
\f@nch@O@erh=\skip79
\f@nch@O@olh=\skip80
\f@nch@O@orh=\skip81
\f@nch@O@elf=\skip82
\f@nch@O@erf=\skip83
\f@nch@O@olf=\skip84
\f@nch@O@orf=\skip85
) (c:/texlive/2022/texmf-dist/tex/latex/caption/caption.sty
Package: caption 2022/03/01 v3.6b Customizing captions (AR)
 (c:/texlive/2022/texmf-dist/tex/latex/caption/caption3.sty
Package: caption3 2022/03/17 v2.3b caption3 kernel (AR)
\caption@tempdima=\dimen260
\captionmargin=\dimen261
\caption@leftmargin=\dimen262
\caption@rightmargin=\dimen263
\caption@width=\dimen264
\caption@indent=\dimen265
\caption@parindent=\dimen266
\caption@hangindent=\dimen267
Package caption Info: Unknown document class (or package),
(caption)             standard defaults will be used.
Package caption Info: \@makecaption = \long macro:#1#2->\let \@conttempa \relax \ifdim \prevdepth >-99\p@ \vskip \abovecaptionskip \else \def \@conttempa {\vbox to\topskip {}}\fi \let \@contfnote \footnote \renewcommand {\footnote }[2][]{} \let \@contfmark \footnotemark \renewcommand {\footnotemark }[1][]{} \let \@contlabel \label \renewcommand {\label }[1]{} \sbox \@tempboxa {\@contnfont #1\@contdelim \@conttfont #2} \let \footnote \@contfnote \let \footnotemark \@contfmark \let \label \@contlabel \ifdim \wd \@tempboxa <\linewidth \centering \fi \if@contcw \centering \parbox {\@contcwidth }{\fi \if@conthang \sbox \@tempboxa {\@contnfont #1\@contdelim } \@contpre {\@contnfont #1\@contdelim }\@conttempa {\@contcstyle \hangindent =\wd \@tempboxa \hangafter =\@ne \@conttfont #2\par } \else \if@contindent \@contpre {\@contnfont #1\@contdelim }\@conttempa {\@contcstyle \hangindent =\@contindw \hangafter =\@ne \@conttfont #2\par } \else \@contpre {\@contnfont #1\@contdelim }\@conttempa {\@contcstyle \@conttfont #2\par } \fi \fi \@contpost \if@contcw \par } \fi \vskip \belowcaptionskip  on input line 1176.
)

Package caption Warning: Unknown document class (or package),
(caption)                standard defaults will be used.
See the caption package documentation for explanation.

\c@caption@flags=\count331
\c@continuedfloat=\count332
Package caption Info: float package is loaded.
Package caption Info: picins package is loaded.
Package caption Info: subfigure package is loaded.
) (c:/texlive/2022/texmf-dist/tex/latex/xcolor/xcolor.sty
Package: xcolor 2021/10/31 v2.13 LaTeX color extensions (UK)
 (c:/texlive/2022/texmf-dist/tex/latex/graphics-cfg/color.cfg
File: color.cfg 2016/01/02 v1.6 sample color configuration
)
Package xcolor Info: Driver file: pdftex.def on input line 227.
LaTeX Info: Redefining \color on input line 711.
Package xcolor Info: Model `cmy' substituted by `cmy0' on input line 1352.
Package xcolor Info: Model `hsb' substituted by `rgb' on input line 1356.
Package xcolor Info: Model `RGB' extended on input line 1368.
Package xcolor Info: Model `HTML' substituted by `rgb' on input line 1370.
Package xcolor Info: Model `Hsb' substituted by `hsb' on input line 1371.
Package xcolor Info: Model `tHsb' substituted by `hsb' on input line 1372.
Package xcolor Info: Model `HSB' substituted by `hsb' on input line 1373.
Package xcolor Info: Model `Gray' substituted by `gray' on input line 1374.
Package xcolor Info: Model `wave' substituted by `hsb' on input line 1375.
) (c:/texlive/2022/texmf-dist/tex/latex/sttools/stfloats.sty
Package: stfloats 2017/03/27 v3.3 Improve float mechanism and baselineskip settings
\@dblbotnum=\count333
\c@dblbotnumber=\count334
) (c:/texlive/2022/texmf-dist/tex/latex/comment/comment.sty
\CommentStream=\write3
 Excluding comment 'comment') (c:/texlive/2022/texmf-dist/tex/latex/sttools/cuted.sty
Package: cuted 2021/10/04 v2.0 Mixing onecolumn and twocolumn modes
\At@ViperColsBreak=\toks35
\preCutedStrip=\toks36
\postCutedStrip=\toks37
\cuted@@tempbox@a=\box113
\cuted@@tempbox@c=\box114
\cuted@@tempbox@var=\box115
\cuted@@varbox@a=\box116
\cuted@@varbox@c=\box117
\cuted@@tempdim@spread=\dimen268
\cuted@@tempdim@a=\dimen269
\cuted@@tempdim@b=\dimen270
\ht@hold@viper=\dimen271
\ht@viper=\dimen272
\var@@pagediscards@ht=\dimen273
\stripsep=\skip86
\viper@penalty=\count335
) (./captionhack.sty) (c:/texlive/2022/texmf-dist/tex/latex/epstopdf-pkg/epstopdf.sty
Package: epstopdf 2020-01-24 v2.11 Conversion with epstopdf on the fly (HO)
 (c:/texlive/2022/texmf-dist/tex/generic/infwarerr/infwarerr.sty
Package: infwarerr 2019/12/03 v1.5 Providing info/warning/error messages (HO)
) (c:/texlive/2022/texmf-dist/tex/latex/grfext/grfext.sty
Package: grfext 2019/12/03 v1.3 Manage graphics extensions (HO)
 (c:/texlive/2022/texmf-dist/tex/generic/kvdefinekeys/kvdefinekeys.sty
Package: kvdefinekeys 2019-12-19 v1.6 Define keys (HO)
)) (c:/texlive/2022/texmf-dist/tex/latex/kvoptions/kvoptions.sty
Package: kvoptions 2020-10-07 v3.14 Key value format for package options (HO)
 (c:/texlive/2022/texmf-dist/tex/generic/ltxcmds/ltxcmds.sty
Package: ltxcmds 2020-05-10 v1.25 LaTeX kernel commands for general use (HO)
) (c:/texlive/2022/texmf-dist/tex/generic/kvsetkeys/kvsetkeys.sty
Package: kvsetkeys 2019/12/15 v1.18 Key value parser (HO)
)) (c:/texlive/2022/texmf-dist/tex/generic/pdftexcmds/pdftexcmds.sty
Package: pdftexcmds 2020-06-27 v0.33 Utility functions of pdfTeX for LuaTeX (HO)
Package pdftexcmds Info: \pdf@primitive is available.
Package pdftexcmds Info: \pdf@ifprimitive is available.
Package pdftexcmds Info: \pdfdraftmode found.
) (c:/texlive/2022/texmf-dist/tex/latex/epstopdf-pkg/epstopdf-base.sty
Package: epstopdf-base 2020-01-24 v2.11 Base part for package epstopdf
Package epstopdf-base Info: Redefining graphics rule for `.eps' on input line 485.
Package grfext Info: Graphics extension search list:
(grfext)             [.pdf,.png,.jpg,.mps,.jpeg,.jbig2,.jb2,.PDF,.PNG,.JPG,.JPEG,.JBIG2,.JB2,.eps]
(grfext)             \AppendGraphicsExtensions on input line 504.
 (c:/texlive/2022/texmf-dist/tex/latex/latexconfig/epstopdf-sys.cfg
File: epstopdf-sys.cfg 2010/07/13 v1.3 Configuration of (r)epstopdf for TeX Live
))) (./gbt7714.sty
Package: gbt7714 2022/10/03 v2.1.5 GB/T 7714 BibTeX Style
 (c:/texlive/2022/texmf-dist/tex/latex/natbib/natbib.sty
Package: natbib 2010/09/13 8.31b (PWD, AO)


Package natbib Warning: The `cite' package should not be used
(natbib)                with natbib. Use option `sort' instead.

\bibhang=\skip87
\bibsep=\skip88
LaTeX Info: Redefining \cite on input line 694.
LaTeX Info: Redefining \citenum on input line 708.
\c@NAT@ctr=\count336
)) (c:/texlive/2022/texmf-dist/tex/latex/arydshln/arydshln.sty
Package: arydshln 2019/02/21 v1.76 
\dashlinedash=\dimen274
\dashlinegap=\dimen275
\adl@box=\box118
\adl@height=\dimen276
\adl@heightsave=\dimen277
\adl@depth=\dimen278
\adl@depthsave=\dimen279
\adl@finaldepth=\dimen280
\adl@columns=\count337
\adl@ncol=\count338
\adl@currentcolumn=\count339
\adl@currentcolumnsave=\count340
\adl@totalheight=\count341
\adl@totalheightsave=\count342
\adl@dash=\count343
\adl@gap=\count344
\adl@cla=\count345
\adl@clb=\count346
\adl@everyvbox=\toks38
\adl@LTpagetotal=\dimen281
) (c:/texlive/2022/texmf-dist/tex/latex/algorithms/algorithm.sty
Package: algorithm 2009/08/24 v0.1 Document Style `algorithm' - floating environment
\@float@every@algorithm=\toks39
\c@algorithm=\count347
) (c:/texlive/2022/texmf-dist/tex/latex/algorithms/algorithmic.sty
Package: algorithmic 2009/08/24 v0.1 Document Style `algorithmic'
\c@ALC@unique=\count348
\c@ALC@line=\count349
\c@ALC@rem=\count350
\c@ALC@depth=\count351
\ALC@tlm=\skip89
\algorithmicindent=\skip90
)
c:/Users/ztf/Desktop/‰∏ã‰∏Ä‰∏™ÁÇπ/Ëá™ÂÆöËÆ∫Êñá/CHINESE-JOURNAL-OF-COMPUTERS--Overleaf-Latex-Template/Data-Trading-Game-Theory/CHINESE-JOURNAL-OF-COMPUTERS--Overleaf-Latex-Template-main/CjC_template_tex.tex:58: Undefined control sequence.
l.58 \setmainfont
                 {Times New Roman}
The control sequence at the end of the top line
of your error message was never \def'ed. If you have
misspelled it (e.g., `\hobx'), type `I' and the correct
spelling (e.g., `I\hbox'). Otherwise just continue,
and I'll forget about whatever was undefined.


c:/Users/ztf/Desktop/‰∏ã‰∏Ä‰∏™ÁÇπ/Ëá™ÂÆöËÆ∫Êñá/CHINESE-JOURNAL-OF-COMPUTERS--Overleaf-Latex-Template/Data-Trading-Game-Theory/CHINESE-JOURNAL-OF-COMPUTERS--Overleaf-Latex-Template-main/CjC_template_tex.tex:58: LaTeX Error: Missing \begin{document}.

See the LaTeX manual or LaTeX Companion for explanation.
Type  H <return>  for immediate help.
 ...                                              
                                                  
l.58 \setmainfont{T
                   imes New Roman}
You're in trouble here.  Try typing  <return>  to proceed.
If that doesn't work, type  X <return>  to quit.

(c:/texlive/2022/texmf-dist/tex/latex/cjk/texinput/UTF8/UTF8.bdg
File: UTF8.bdg 2021/10/16 4.8.5
) (c:/texlive/2022/texmf-dist/tex/latex/cjk/texinput/UTF8/UTF8.enc
File: UTF8.enc 2021/10/16 4.8.5
) (c:/texlive/2022/texmf-dist/tex/latex/cjk/texinput/UTF8/UTF8.chr
File: UTF8.chr 2021/10/16 4.8.5
)

LaTeX Warning: Unused global option(s):
    [10.5pt,journal].

(./CjC_template_tex.aux)
\openout1 = `CjC_template_tex.aux'.

LaTeX Font Info:    Checking defaults for OML/cmm/m/it on input line 65.
LaTeX Font Info:    ... okay on input line 65.
LaTeX Font Info:    Checking defaults for OMS/cmsy/m/n on input line 65.
LaTeX Font Info:    ... okay on input line 65.
LaTeX Font Info:    Checking defaults for OT1/cmr/m/n on input line 65.
LaTeX Font Info:    ... okay on input line 65.
LaTeX Font Info:    Checking defaults for T1/cmr/m/n on input line 65.
LaTeX Font Info:    ... okay on input line 65.
LaTeX Font Info:    Checking defaults for TS1/cmr/m/n on input line 65.
LaTeX Font Info:    ... okay on input line 65.
LaTeX Font Info:    Checking defaults for OMX/cmex/m/n on input line 65.
LaTeX Font Info:    ... okay on input line 65.
LaTeX Font Info:    Checking defaults for U/cmr/m/n on input line 65.
LaTeX Font Info:    ... okay on input line 65.
LaTeX Font Info:    Checking defaults for C00/song/m/n on input line 65.
LaTeX Font Info:    ... okay on input line 65.
LaTeX Font Info:    Checking defaults for C05/song/m/n on input line 65.
LaTeX Font Info:    ... okay on input line 65.
LaTeX Font Info:    Checking defaults for C09/song/m/n on input line 65.
LaTeX Font Info:    ... okay on input line 65.
LaTeX Font Info:    Checking defaults for C10/song/m/n on input line 65.
LaTeX Font Info:    ... okay on input line 65.
LaTeX Font Info:    Checking defaults for C20/song/m/n on input line 65.
LaTeX Font Info:    ... okay on input line 65.
LaTeX Font Info:    Checking defaults for C19/song/m/n on input line 65.
LaTeX Font Info:    ... okay on input line 65.
LaTeX Font Info:    Checking defaults for C40/song/m/n on input line 65.
LaTeX Font Info:    ... okay on input line 65.
LaTeX Font Info:    Checking defaults for C42/song/m/n on input line 65.
LaTeX Font Info:    ... okay on input line 65.
LaTeX Font Info:    Checking defaults for C43/song/m/n on input line 65.
LaTeX Font Info:    ... okay on input line 65.
LaTeX Font Info:    Checking defaults for C50/song/m/n on input line 65.
LaTeX Font Info:    ... okay on input line 65.
LaTeX Font Info:    Checking defaults for C52/song/m/n on input line 65.
LaTeX Font Info:    ... okay on input line 65.
LaTeX Font Info:    Checking defaults for C49/song/m/n on input line 65.
LaTeX Font Info:    ... okay on input line 65.
LaTeX Font Info:    Checking defaults for C60/mj/m/n on input line 65.
LaTeX Font Info:    ... okay on input line 65.
LaTeX Font Info:    Checking defaults for C61/mj/m/n on input line 65.
LaTeX Font Info:    ... okay on input line 65.
LaTeX Font Info:    Checking defaults for C63/mj/m/n on input line 65.
LaTeX Font Info:    ... okay on input line 65.
LaTeX Font Info:    Checking defaults for C64/mj/m/n on input line 65.
LaTeX Font Info:    ... okay on input line 65.
LaTeX Font Info:    Checking defaults for C65/mj/m/n on input line 65.
LaTeX Font Info:    ... okay on input line 65.
LaTeX Font Info:    Checking defaults for C70/song/m/n on input line 65.
LaTeX Font Info:    ... okay on input line 65.
LaTeX Font Info:    Checking defaults for C31/song/m/n on input line 65.
LaTeX Font Info:    ... okay on input line 65.
LaTeX Font Info:    Checking defaults for C32/song/m/n on input line 65.
LaTeX Font Info:    ... okay on input line 65.
LaTeX Font Info:    Checking defaults for C33/song/m/n on input line 65.
LaTeX Font Info:    ... okay on input line 65.
LaTeX Font Info:    Checking defaults for C34/song/m/n on input line 65.
LaTeX Font Info:    ... okay on input line 65.
LaTeX Font Info:    Checking defaults for C35/song/m/n on input line 65.
LaTeX Font Info:    ... okay on input line 65.
LaTeX Font Info:    Checking defaults for C36/song/m/n on input line 65.
LaTeX Font Info:    ... okay on input line 65.
LaTeX Font Info:    Checking defaults for C37/song/m/n on input line 65.
LaTeX Font Info:    ... okay on input line 65.
LaTeX Font Info:    Checking defaults for C80/song/m/n on input line 65.
LaTeX Font Info:    ... okay on input line 65.
LaTeX Font Info:    Checking defaults for C81/song/m/n on input line 65.
LaTeX Font Info:    ... okay on input line 65.
LaTeX Font Info:    Checking defaults for C01/song/m/n on input line 65.
LaTeX Font Info:    ... okay on input line 65.
LaTeX Font Info:    Checking defaults for C11/song/m/n on input line 65.
LaTeX Font Info:    ... okay on input line 65.
LaTeX Font Info:    Checking defaults for C21/song/m/n on input line 65.
LaTeX Font Info:    ... okay on input line 65.
LaTeX Font Info:    Checking defaults for C41/song/m/n on input line 65.
LaTeX Font Info:    ... okay on input line 65.
LaTeX Font Info:    Checking defaults for C62/song/m/n on input line 65.
LaTeX Font Info:    ... okay on input line 65.
 (c:/texlive/2022/texmf-dist/tex/context/base/mkii/supp-pdf.mkii
[Loading MPS to PDF converter (version 2006.09.02).]
\scratchcounter=\count352
\scratchdimen=\dimen282
\scratchbox=\box119
\nofMPsegments=\count353
\nofMParguments=\count354
\everyMPshowfont=\toks40
\MPscratchCnt=\count355
\MPscratchDim=\dimen283
\MPnumerator=\count356
\makeMPintoPDFobject=\count357
\everyMPtoPDFconversion=\toks41
)
Package caption Info: Begin \AtBeginDocument code.
Package caption Info: End \AtBeginDocument code.
 Excluding 'comment' comment.
LaTeX Font Info:    Trying to load font information for U+msa on input line 89.
 (c:/texlive/2022/texmf-dist/tex/latex/amsfonts/umsa.fd
File: umsa.fd 2013/01/14 v3.01 AMS symbols A
)
LaTeX Font Info:    Trying to load font information for U+msb on input line 89.
 (c:/texlive/2022/texmf-dist/tex/latex/amsfonts/umsb.fd
File: umsb.fd 2013/01/14 v3.01 AMS symbols B
)
LaTeX Font Info:    Trying to load font information for C70+rm on input line 91.
 (c:/texlive/2022/texmf-dist/tex/latex/ctex/fd/c70rm.fd
File: c70rm.fd 2021/12/12 v2.5.8 Chinese font definition (CTEX)
)
Overfull \hbox (0.61888pt too wide) in paragraph at lines 89--95
[] 
 []

LaTeX Font Info:    Trying to load font information for C70+zhhei on input line 102.
(c:/texlive/2022/texmf-dist/tex/latex/zhmetrics/c70zhhei.fd
File: c70zhhei.fd 2009/09/23 4.8.2
)
Package CJKpunct Info: use punctuation spaces for family 'zhhei' with punctstyle (quanjiao) on input line 102.
LaTeX Font Info:    Trying to load font information for C70+zhfs on input line 106.
 (c:/texlive/2022/texmf-dist/tex/latex/zhmetrics/c70zhfs.fd
File: c70zhfs.fd 2009/09/23 4.8.2
)
LaTeX Font Info:    Trying to load font information for TS1+ptm on input line 108.
 (c:/texlive/2022/texmf-dist/tex/latex/psnfss/ts1ptm.fd
File: ts1ptm.fd 2001/06/04 font definitions for TS1/ptm.
)
LaTeX Font Info:    Trying to load font information for C70+zhsong on input line 108.
 (c:/texlive/2022/texmf-dist/tex/latex/zhmetrics/c70zhsong.fd
File: c70zhsong.fd 2009/09/23 4.8.2
)
Package CJKpunct Info: use punctuation spaces for family 'zhsong' with punctstyle (quanjiao) on input line 108.
LaTeX Font Info:    Trying to load font information for OT1+phv on input line 108.
 (c:/texlive/2022/texmf-dist/tex/latex/psnfss/ot1phv.fd
File: ot1phv.fd 2020/03/25 scalable font definitions for OT1/phv.
)
Package CJKpunct Info: use punctuation spaces for family 'rm' with punctstyle (quanjiao) on input line 114.
 (c:/texlive/2022/texmf-dist/tex/generic/ctex/zhmap/ctex-zhmap-windows.tex
File: ctex-zhmap-windows.tex 2021/12/12 v2.5.8 Windows font map loader for pdfTeX and DVIPDFMx (CTEX)
{c:/texlive/2022/texmf-var/fonts/map/pdftex/updmap/pdftex.map}{UGBK.sfd}{Unicode.sfd}) [1


]

Package multicol Warning: Using `1' columns doesn't seem a good idea.
 I therefore use two columns instead on input line 164.

(./data/c1.tex) (./data/c2.tex
Overfull \vbox (5.78505pt too high) has occurred while \output is active []

 [2]) (./data/c3.tex

Package natbib Warning: Citation `ye-183' on page 3 undefined on input line 3.

Excluding 'comment' comment.
Overfull \hbox (2.0025pt too wide) has occurred while \output is active
[] 
 []


Overfull \vbox (5.78505pt too high) has occurred while \output is active []

 [3] Excluding 'comment' comment.
Underfull \hbox (badness 6220) in paragraph at lines 35--36
\C70/rm/m/n/10.53937/91 œ$\OML/cmm/m/it/10.53937 n[]$\C70/rm/m/n/10.53937/8b ≠ \C70/rm/m/n/10.53937/7e √ \C70/rm/m/n/10.53937/62 ^^P \C70/rm/m/n/10.53937/76 Ñ \C70/rm/m/n/10.53937/96 ∆ \C70/rm/m/n/10.53937/54 ^^H$\OML/cmm/m/it/10.53937 h\OT1/cmr/m/n/10.95 (\OML/cmm/m/it/10.53937 S[]\OT1/cmr/m/n/10.95 )$\C70/rm/m/n/10.53937/76 Ñ \C70/rm/m/n/10.53937/51 ∆ \C70/rm/m/n/10.53937/78 n \C70/rm/m/n/10.53937/73 á \C70/rm/m/n/10.53937/4e :$\OML/cmm/m/it/10.53937 q\OT1/cmr/m/n/10.95 (\OML/cmm/m/it/10.53937 S[]\OT1/cmr/m/n/10.95 )$|\C70/rm/m/n/10.53937/30 ^^B| \C70/rm/m/n/10.53937/4e ^^M \C70/rm/m/n/10.53937/59 1
 []

Excluding 'comment' comment.
Overfull \vbox (5.78505pt too high) has occurred while \output is active []

 [4] Excluding 'comment' comment.
Overfull \hbox (2.0025pt too wide) has occurred while \output is active
[] 
 []


Overfull \vbox (5.78505pt too high) has occurred while \output is active []

 [5] Excluding 'comment' comment.
Overfull \hbox (9.48625pt too wide) detected at line 348
[][][]
 []


Overfull \vbox (5.78505pt too high) has occurred while \output is active []

 [6]

LaTeX Warning: Command \c invalid in math mode on input line 379.

./data/c3.tex:379: Missing $ inserted.
<inserted text> 
                $
l.379 ...öÑÂàÜÊûêÔºåËÆ∞$C_{sp}=\eta \cdot \c{do_i}
                                                  $ÔºåÂæóÂà∞Ôºö
I've inserted a begin-math/end-math symbol since I think
you left one out. Proceed, with fingers crossed.

./data/c3.tex:379: Extra }, or forgotten $.
<argument> \leavevmode \setbox \z@ \hbox {do_i}
                                               \ifdim \ht \z@ =1ex\accent 24...
l.379 ...öÑÂàÜÊûêÔºåËÆ∞$C_{sp}=\eta \cdot \c{do_i}
                                                  $ÔºåÂæóÂà∞Ôºö
I've deleted a group-closing symbol because it seems to be
spurious, as in `$x}$'. But perhaps the } is legitimate and
you forgot something else, as in `\hbox{$x}'. In such cases
the way to recover is to insert both the forgotten and the
deleted material, e.g., by typing `I$}'.

./data/c3.tex:383: Missing $ inserted.
<inserted text> 
                $
l.383 \begin{equation}
                      
I've inserted a begin-math/end-math symbol since I think
you left one out. Proceed, with fingers crossed.

./data/c3.tex:385: You can't use `\eqno' in math mode.
\endmathdisplay@a ...\df@tag \@empty \else \veqno 
                                                  \alt@tag \df@tag \fi \ifx ...
l.385 \end{equation}
                    
Sorry, but I'm not programmed to handle this case;
I'll just pretend that you didn't ask for it.
If you're in the wrong mode, you might be able to
return to the right one by typing `I}' or `I$' or `I\par'.

./data/c3.tex:385: Missing $ inserted.
<inserted text> 
                $
l.385 \end{equation}
                    
I've inserted something that you may have forgotten.
(See the <inserted text> above.)
With luck, this will get me unwedged. But if you
really didn't forget anything, try typing `2' now; then
my insertion and my current dilemma will both disappear.

./data/c3.tex:395: Missing $ inserted.
<inserted text> 
                $
l.395 \begin{equation}
                      
I've inserted a begin-math/end-math symbol since I think
you left one out. Proceed, with fingers crossed.

./data/c3.tex:397: You can't use `\eqno' in math mode.
\endmathdisplay@a ...\df@tag \@empty \else \veqno 
                                                  \alt@tag \df@tag \fi \ifx ...
l.397 \end{equation}
                    
Sorry, but I'm not programmed to handle this case;
I'll just pretend that you didn't ask for it.
If you're in the wrong mode, you might be able to
return to the right one by typing `I}' or `I$' or `I\par'.

./data/c3.tex:397: Missing $ inserted.
<inserted text> 
                $
l.397 \end{equation}
                    
I've inserted something that you may have forgotten.
(See the <inserted text> above.)
With luck, this will get me unwedged. But if you
really didn't forget anything, try typing `2' now; then
my insertion and my current dilemma will both disappear.

./data/c3.tex:399: Double superscript.
<recently read> ^
                 
l.399 Êé•‰∏ãÊù•ÂàÜÊûê‰∏äÂºè,Áî±‰∫é$Q^{-1}'
                                          '=-\frac{Q''(x)}{Q'(x)^3}$Ôºå‰∏îÁî...
I treat `x^1^2' essentially like `x^1{}^2'.

./data/c3.tex:399: Double superscript.
<recently read> ^
                 
l.399 ...ºå$Q'(x)>0$Ôºå$Q''(x)<0$ÔºåÂõ†Ê≠§$Q^{-1}'
                                                  '>0$ÔºåÁî±Ê≠§ÂæóÂá∫
I treat `x^1^2' essentially like `x^1{}^2'.

./data/c3.tex:401: Missing $ inserted.
<inserted text> 
                $
l.401 \begin{equation}
                      
I've inserted a begin-math/end-math symbol since I think
you left one out. Proceed, with fingers crossed.

./data/c3.tex:402: Double superscript.
<recently read> ^
                 
l.402 ...q}=\frac{\eta}{\eta+1}x\cdot D(x)-Q^{-1}'
                                                  (q)
I treat `x^1^2' essentially like `x^1{}^2'.

./data/c3.tex:403: You can't use `\eqno' in math mode.
\endmathdisplay@a ...\df@tag \@empty \else \veqno 
                                                  \alt@tag \df@tag \fi \ifx ...
l.403 \end{equation}
                    
Sorry, but I'm not programmed to handle this case;
I'll just pretend that you didn't ask for it.
If you're in the wrong mode, you might be able to
return to the right one by typing `I}' or `I$' or `I\par'.

./data/c3.tex:403: Missing $ inserted.
<inserted text> 
                $
l.403 \end{equation}
                    
I've inserted something that you may have forgotten.
(See the <inserted text> above.)
With luck, this will get me unwedged. But if you
really didn't forget anything, try typing `2' now; then
my insertion and my current dilemma will both disappear.

./data/c3.tex:407: Double superscript.
<recently read> ^
                 
l.407 Êé•‰∏ãÊù•ÂàÜÊûê‰∏äÂºè,Áî±‰∫é$Q^{-1}'
                                          '=-\frac{Q''(x)}{Q'(x)^3}$Ôºå‰∏îÁî...
I treat `x^1^2' essentially like `x^1{}^2'.

./data/c3.tex:407: Double superscript.
<recently read> ^
                 
l.407 ...ºå$Q'(x)>0$Ôºå$Q''(x)<0$ÔºåÂõ†Ê≠§$Q^{-1}'
                                                  '>0$ÔºåÁî±Ê≠§ÂæóÂá∫$U_{SP}...
I treat `x^1^2' essentially like `x^1{}^2'.

./data/c3.tex:411: Double superscript.
<recently read> ^
                 
l.411 \end{align}
                 
I treat `x^1^2' essentially like `x^1{}^2'.

./data/c3.tex:411: Double superscript.
<recently read> ^
                 
l.411 \end{align}
                 
I treat `x^1^2' essentially like `x^1{}^2'.

./data/c3.tex:411: Missing \endgroup inserted.
<inserted text> 
                \endgroup 
l.411 \end{align}
                 
I've inserted something that you may have forgotten.
(See the <inserted text> above.)
With luck, this will get me unwedged. But if you
really didn't forget anything, try typing `2' now; then
my insertion and my current dilemma will both disappear.

./data/c3.tex:411: Missing } inserted.
<inserted text> 
                }
l.411 \end{align}
                 
I've inserted something that you may have forgotten.
(See the <inserted text> above.)
With luck, this will get me unwedged. But if you
really didn't forget anything, try typing `2' now; then
my insertion and my current dilemma will both disappear.

./data/c3.tex:411: You can't use `\halign' in math mode.
<recently read> \halign 
                        
l.411 \end{align}
                 
Sorry, but I'm not programmed to handle this case;
I'll just pretend that you didn't ask for it.
If you're in the wrong mode, you might be able to
return to the right one by typing `I}' or `I$' or `I\par'.

./data/c3.tex:411: Misplaced \span.
\align@ ...bskip \eqnshift@ \halign \bgroup \span 
                                                  \align@preamble \crcr #2
l.411 \end{align}
                 
I can't figure out why you would want to use a tab mark
or \cr or \span just now. If something like a right brace
up above has ended a previous alignment prematurely,
you're probably due for more error messages, and you
might try typing `S' now just to see what is salvageable.

./data/c3.tex:411: Misplaced alignment tab character &.
\align@preamble ->&
                   \hfil \strut@ \setboxz@h {\@lign $\m@th \displaystyle {##...
l.411 \end{align}
                 
I can't figure out why you would want to use a tab mark
here. If you just want an ampersand, the remedy is
simple: Just type `I\&' now. But if some right brace
up above has ended a previous alignment prematurely,
you're probably due for more error messages, and you
might try typing `S' now just to see what is salvageable.

./data/c3.tex:411: You can't use `macro parameter character #' in math mode.
\align@preamble ...\@lign $\m@th \displaystyle {##
                                                  }$}\ifmeasuring@ \savefiel...
l.411 \end{align}
                 
Sorry, but I'm not programmed to handle this case;
I'll just pretend that you didn't ask for it.
If you're in the wrong mode, you might be able to
return to the right one by typing `I}' or `I$' or `I\par'.

./data/c3.tex:411: Misplaced alignment tab character &.
\align@preamble ...i \set@field \tabskip \z@skip &
                                                  \setboxz@h {\@lign $\m@th ...
l.411 \end{align}
                 
I can't figure out why you would want to use a tab mark
here. If you just want an ampersand, the remedy is
simple: Just type `I\&' now. But if some right brace
up above has ended a previous alignment prematurely,
you're probably due for more error messages, and you
might try typing `S' now just to see what is salvageable.

./data/c3.tex:411: You can't use `macro parameter character #' in math mode.
\align@preamble ...lign $\m@th \displaystyle {{}##
                                                  }$}\ifmeasuring@ \savefiel...
l.411 \end{align}
                 
Sorry, but I'm not programmed to handle this case;
I'll just pretend that you didn't ask for it.
If you're in the wrong mode, you might be able to
return to the right one by typing `I}' or `I$' or `I\par'.

./data/c3.tex:411: Misplaced \crcr.
<recently read> \crcr 
                      
l.411 \end{align}
                 
I can't figure out why you would want to use a tab mark
or \cr or \span just now. If something like a right brace
up above has ended a previous alignment prematurely,
you're probably due for more error messages, and you
might try typing `S' now just to see what is salvageable.

./data/c3.tex:411: Double superscript.
<recently read> ^
                 
l.411 \end{align}
                 
I treat `x^1^2' essentially like `x^1{}^2'.

./data/c3.tex:411: Double superscript.
<recently read> ^
                 
l.411 \end{align}
                 
I treat `x^1^2' essentially like `x^1{}^2'.

./data/c3.tex:411: Misplaced \cr.
\math@cr@@@ ->\cr 
                  
l.411 \end{align}
                 
I can't figure out why you would want to use a tab mark
or \cr or \span just now. If something like a right brace
up above has ended a previous alignment prematurely,
you're probably due for more error messages, and you
might try typing `S' now just to see what is salvageable.

./data/c3.tex:411: Misplaced \noalign.
\math@cr@@ ... \iffalse }\fi \math@cr@@@ \noalign 
                                                  {\vskip #1\relax }
l.411 \end{align}
                 
I expect to see \noalign only after the \cr of
an alignment. Proceed, and I'll ignore this case.

./data/c3.tex:411: Missing $ inserted.
<inserted text> 
                $
l.411 \end{align}
                 
I've inserted a begin-math/end-math symbol since I think
you left one out. Proceed, with fingers crossed.

./data/c3.tex:411: Missing } inserted.
<inserted text> 
                }
l.411 \end{align}
                 
I've inserted something that you may have forgotten.
(See the <inserted text> above.)
With luck, this will get me unwedged. But if you
really didn't forget anything, try typing `2' now; then
my insertion and my current dilemma will both disappear.

./data/c3.tex:411: Missing } inserted.
<inserted text> 
                }
l.411 \end{align}
                 
I've inserted something that you may have forgotten.
(See the <inserted text> above.)
With luck, this will get me unwedged. But if you
really didn't forget anything, try typing `2' now; then
my insertion and my current dilemma will both disappear.


Underfull \hbox (badness 10000) in paragraph at lines 379--411
[]\C70/rm/m/n/10.53937/63 • \C70/rm/m/n/10.53937/4e  \C70/rm/m/n/10.53937/67 e \C70/rm/m/n/10.53937/5b ˘ \C70/rm/m/n/10.53937/4f ^^X \C70/rm/m/n/10.53937/53 ^^V \C70/rm/m/n/10.53937/76 Ó \C70/rm/m/n/10.53937/68 ^^G \C70/rm/m/n/10.53937/8f € \C70/rm/m/n/10.53937/88 L \C70/rm/m/n/10.53937/65 p \C70/rm/m/n/10.53937/5b f \C70/rm/m/n/10.53937/4e 
 \C70/rm/m/n/10.53937/76 Ñ \C70/rm/m/n/10.53937/52 ^^F \C70/rm/m/n/10.53937/67 ê|\C70/rm/m/n/10.53937/ff ^^L|
 []


Overfull \hbox (42.29416pt too wide) in paragraph at lines 379--411
\C70/rm/m/n/10.53937/8b ∞$\OML/cmm/m/it/10.53937 C[] \OT1/cmr/m/n/10.95 = \OML/cmm/m/it/10.53937 ^^Q \OMS/cmsy/m/n/10.53937 ^^A []$ 
 []

./data/c3.tex:411: Extra }, or forgotten \endgroup.
\math@cr@@ ...th@cr@@@ \noalign {\vskip #1\relax }
                                                  
l.411 \end{align}
                 
I've deleted a group-closing symbol because it seems to be
spurious, as in `$x}$'. But perhaps the } is legitimate and
you forgot something else, as in `\hbox{$x}'. In such cases
the way to recover is to insert both the forgotten and the
deleted material, e.g., by typing `I$}'.

./data/c3.tex:411: Misplaced \noalign.
\black@ #1->\noalign 
                     {\ifdim #1>\displaywidth \dimen@ \prevdepth \nointerlin...
l.411 \end{align}
                 
I expect to see \noalign only after the \cr of
an alignment. Proceed, and I'll ignore this case.


Overfull \hbox (132.08255pt too wide) detected at line 411
[]
 []

./data/c3.tex:411: Extra }, or forgotten \endgroup.
\endalign ->\math@cr \black@ \totwidth@ \egroup 
                                                \ifingather@ \restorealignst...
l.411 \end{align}
                 
I've deleted a group-closing symbol because it seems to be
spurious, as in `$x}$'. But perhaps the } is legitimate and
you forgot something else, as in `\hbox{$x}'. In such cases
the way to recover is to insert both the forgotten and the
deleted material, e.g., by typing `I$}'.


./data/c3.tex:411: LaTeX Error: \begin{multicols} on input line 164 ended by \end{align}.

See the LaTeX manual or LaTeX Companion for explanation.
Type  H <return>  for immediate help.
 ...                                              
                                                  
l.411 \end{align}
                 
Your command was ignored.
Type  I <command> <return>  to replace it with another command,
or  <return>  to continue without it.

./data/c3.tex:411: Missing $ inserted.
<inserted text> 
                $
l.411 \end{align}
                 
I've inserted something that you may have forgotten.
(See the <inserted text> above.)
With luck, this will get me unwedged. But if you
really didn't forget anything, try typing `2' now; then
my insertion and my current dilemma will both disappear.

./data/c3.tex:411: Display math should end with $$.
<to be read again> 
                   \endgroup 
l.411 \end{align}
                 
The `$' that I just saw supposedly matches a previous `$$'.
So I shall assume that you typed `$$' both times.

./data/c3.tex:415: Double superscript.
<recently read> ^
                 
l.415 	q=(Q^{-1}'
                 )^{-1}(\frac{\eta}{\eta+1}x\cdot D(x))
I treat `x^1^2' essentially like `x^1{}^2'.

./data/c3.tex:424: Double superscript.
<recently read> ^
                 
l.424 ‰∏î$q=(Q^{-1}'
                    )^{-1}(y)$
I treat `x^1^2' essentially like `x^1{}^2'.

./data/c3.tex:426: Double superscript.
<recently read> ^
                 
l.426 ÈÇ£‰πà$y=Q^{-1}'
                      (q)$ÔºåÂèàÂõ†‰∏∫$Q^{-1}(q)=p_{do_i}$Ôºå$y=\frac{1}{f'(...
I treat `x^1^2' essentially like `x^1{}^2'.

Excluding 'comment' comment.
./data/c3.tex:511: Missing { inserted.
<to be read again> 
                   ^
l.511 ...\sum_{1\leq j\leq M,\Delta_j>\Delta_l}f^'
                                                  {-1}_j(\Delta)$
A left brace was mandatory here, so I've put one in.
You might want to delete and/or insert some corrections
so that I will find a matching right brace soon.
(If you're confused by all this, try typing `I}' now.)

./data/c3.tex:511: Missing } inserted.
<inserted text> 
                }
l.511 ...eq M,\Delta_j>\Delta_l}f^'{-1}_j(\Delta)$
                                                  
I've inserted something that you may have forgotten.
(See the <inserted text> above.)
With luck, this will get me unwedged. But if you
really didn't forget anything, try typing `2' now; then
my insertion and my current dilemma will both disappear.

) (./data/experiment.tex
<figures/MSE_Exponential_short_Fitting.pdf, id=241, 722.7pt x 433.62pt>
File: figures/MSE_Exponential_short_Fitting.pdf Graphic file (type pdf)
<use figures/MSE_Exponential_short_Fitting.pdf>
Package pdftex.def Info: figures/MSE_Exponential_short_Fitting.pdf  used on input line 9.
(pdftex.def)             Requested size: 198.19919pt x 118.91835pt.
<figures/R2_Exponential_short_Fitting.pdf, id=242, 722.7pt x 433.62pt>
File: figures/R2_Exponential_short_Fitting.pdf Graphic file (type pdf)
<use figures/R2_Exponential_short_Fitting.pdf>
Package pdftex.def Info: figures/R2_Exponential_short_Fitting.pdf  used on input line 13.
(pdftex.def)             Requested size: 198.19919pt x 118.91835pt.
<figures/MSE_Polynomial_short_Fitting.pdf, id=243, 722.7pt x 433.62pt>
File: figures/MSE_Polynomial_short_Fitting.pdf Graphic file (type pdf)
<use figures/MSE_Polynomial_short_Fitting.pdf>
Package pdftex.def Info: figures/MSE_Polynomial_short_Fitting.pdf  used on input line 20.
(pdftex.def)             Requested size: 198.19919pt x 118.91835pt.
<figures/R2_Polynomial_short_Fitting.pdf, id=244, 722.7pt x 433.62pt>
File: figures/R2_Polynomial_short_Fitting.pdf Graphic file (type pdf)
<use figures/R2_Polynomial_short_Fitting.pdf>
Package pdftex.def Info: figures/R2_Polynomial_short_Fitting.pdf  used on input line 24.
(pdftex.def)             Requested size: 198.19919pt x 118.91835pt.

Overfull \vbox (672.6354pt too high) has occurred while \output is active []


Overfull \hbox (2.0025pt too wide) has occurred while \output is active
[] 
 []


Overfull \vbox (5.78505pt too high) has occurred while \output is active []

 [7]

LaTeX Warning: Reference `table_datasets' on page 8 undefined on input line 31.

Excluding 'comment' comment.

LaTeX Warning: Reference `fig_q_and_mul_minst' on page 8 undefined on input line 78.


LaTeX Warning: Reference `figures_q_and_mul_xianxinghuigui' on page 8 undefined on input line 78.

<figures/fit_result_dnn.pdf, id=258, 578.16pt x 433.62pt>
File: figures/fit_result_dnn.pdf Graphic file (type pdf)
<use figures/fit_result_dnn.pdf>
Package pdftex.def Info: figures/fit_result_dnn.pdf  used on input line 82.
(pdftex.def)             Requested size: 227.64288pt x 143.09503pt.

Underfull \vbox (badness 10000) has occurred while \output is active []


Overfull \vbox (5.78505pt too high) has occurred while \output is active []

 [8 <./figures/MSE_Exponential_short_Fitting.pdf> <./figures/R2_Exponential_short_Fitting.pdf> <./figures/MSE_Polynomial_short_Fitting.pdf> <./figures/R2_Polynomial_short_Fitting.pdf>]

LaTeX Warning: Reference `fig_q_and_mul_minst' on page 9 undefined on input line 87.

Excluding 'comment' comment.

LaTeX Warning: Reference `figures_q_and_mul_xianxinghuigui' on page 9 undefined on input line 102.


LaTeX Warning: Reference `fig_MSE_Exponential_short_Fitting' on page 9 undefined on input line 103.


LaTeX Warning: Reference `fig_MSE_Polynomial_short_Fitting' on page 9 undefined on input line 103.


LaTeX Warning: Reference `fig_R2_Exponential_short_Fitting' on page 9 undefined on input line 104.


LaTeX Warning: Reference `fig_R2_Polynomial_short_Fitting' on page 9 undefined on input line 104.


LaTeX Warning: Reference `fig_MSE_Exponential_short_Fitting' on page 9 undefined on input line 105.


LaTeX Warning: Reference `fig_R2_Exponential_short_Fitting' on page 9 undefined on input line 105.

<figures/input_l1_utility_vs_c.pdf, id=481, 620.09167pt x 376.8385pt>
File: figures/input_l1_utility_vs_c.pdf Graphic file (type pdf)
<use figures/input_l1_utility_vs_c.pdf>
Package pdftex.def Info: figures/input_l1_utility_vs_c.pdf  used on input line 119.
(pdftex.def)             Requested size: 146.8177pt x 89.22406pt.
<figures/input_l2_utility_vs_c.pdf, id=482, 605.03543pt x 376.8385pt>
File: figures/input_l2_utility_vs_c.pdf Graphic file (type pdf)
<use figures/input_l2_utility_vs_c.pdf>
Package pdftex.def Info: figures/input_l2_utility_vs_c.pdf  used on input line 122.
(pdftex.def)             Requested size: 146.8177pt x 91.44359pt.
<figures/input_dnn_utility_vs_c.pdf, id=483, 615.07294pt x 376.8385pt>
File: figures/input_dnn_utility_vs_c.pdf Graphic file (type pdf)
<use figures/input_dnn_utility_vs_c.pdf>
Package pdftex.def Info: figures/input_dnn_utility_vs_c.pdf  used on input line 125.
(pdftex.def)             Requested size: 146.8177pt x 89.94858pt.
<figures/input_l1_utility_vs_cdoi.pdf, id=484, 620.09167pt x 376.94829pt>
File: figures/input_l1_utility_vs_cdoi.pdf Graphic file (type pdf)
<use figures/input_l1_utility_vs_cdoi.pdf>
Package pdftex.def Info: figures/input_l1_utility_vs_cdoi.pdf  used on input line 129.
(pdftex.def)             Requested size: 146.8177pt x 89.25006pt.
<figures/input_l2_utility_vs_cdoi.pdf, id=485, 605.03543pt x 376.94829pt>
File: figures/input_l2_utility_vs_cdoi.pdf Graphic file (type pdf)
<use figures/input_l2_utility_vs_cdoi.pdf>
Package pdftex.def Info: figures/input_l2_utility_vs_cdoi.pdf  used on input line 132.
(pdftex.def)             Requested size: 146.8177pt x 91.47023pt.
<figures/input_dnn_utility_vs_cdoi.pdf, id=486, 615.07294pt x 376.94829pt>
File: figures/input_dnn_utility_vs_cdoi.pdf Graphic file (type pdf)
<use figures/input_dnn_utility_vs_cdoi.pdf>
Package pdftex.def Info: figures/input_dnn_utility_vs_cdoi.pdf  used on input line 135.
(pdftex.def)             Requested size: 146.8177pt x 89.97478pt.
<figures/input_l1_utility_vs_csp.pdf, id=487, 620.09167pt x 377.10512pt>
File: figures/input_l1_utility_vs_csp.pdf Graphic file (type pdf)
<use figures/input_l1_utility_vs_csp.pdf>
Package pdftex.def Info: figures/input_l1_utility_vs_csp.pdf  used on input line 139.
(pdftex.def)             Requested size: 146.8177pt x 89.28719pt.
<figures/input_l2_utility_vs_csp.pdf, id=488, 605.03543pt x 377.10512pt>
File: figures/input_l2_utility_vs_csp.pdf Graphic file (type pdf)
<use figures/input_l2_utility_vs_csp.pdf>
Package pdftex.def Info: figures/input_l2_utility_vs_csp.pdf  used on input line 142.
(pdftex.def)             Requested size: 146.8177pt x 91.50829pt.
<figures/input_dnn_utility_vs_csp.pdf, id=489, 615.07294pt x 377.10512pt>
File: figures/input_dnn_utility_vs_csp.pdf Graphic file (type pdf)
<use figures/input_dnn_utility_vs_csp.pdf>
Package pdftex.def Info: figures/input_dnn_utility_vs_csp.pdf  used on input line 145.
(pdftex.def)             Requested size: 146.8177pt x 90.0122pt.
<figures/input_l1_utility_doi_vs_c.pdf, id=490, 615.07294pt x 376.8385pt>
File: figures/input_l1_utility_doi_vs_c.pdf Graphic file (type pdf)
<use figures/input_l1_utility_doi_vs_c.pdf>
Package pdftex.def Info: figures/input_l1_utility_doi_vs_c.pdf  used on input line 154.
(pdftex.def)             Requested size: 146.8177pt x 89.94858pt.
<figures/input_l2_utility_doi_vs_c.pdf, id=491, 605.03543pt x 376.8385pt>
File: figures/input_l2_utility_doi_vs_c.pdf Graphic file (type pdf)
<use figures/input_l2_utility_doi_vs_c.pdf>
Package pdftex.def Info: figures/input_l2_utility_doi_vs_c.pdf  used on input line 157.
(pdftex.def)             Requested size: 146.8177pt x 91.44359pt.
<figures/input_dnn_utility_doi_vs_c.pdf, id=492, 615.07294pt x 376.8385pt>
File: figures/input_dnn_utility_doi_vs_c.pdf Graphic file (type pdf)
<use figures/input_dnn_utility_doi_vs_c.pdf>
Package pdftex.def Info: figures/input_dnn_utility_doi_vs_c.pdf  used on input line 160.
(pdftex.def)             Requested size: 146.8177pt x 89.94858pt.
<figures/input_l1_utility_doi_vs_cdoi.pdf, id=493, 620.09167pt x 376.94829pt>
File: figures/input_l1_utility_doi_vs_cdoi.pdf Graphic file (type pdf)
<use figures/input_l1_utility_doi_vs_cdoi.pdf>
Package pdftex.def Info: figures/input_l1_utility_doi_vs_cdoi.pdf  used on input line 164.
(pdftex.def)             Requested size: 146.8177pt x 89.25006pt.
<figures/input_l2_utility_doi_vs_cdoi.pdf, id=494, 605.03543pt x 376.94829pt>
File: figures/input_l2_utility_doi_vs_cdoi.pdf Graphic file (type pdf)
<use figures/input_l2_utility_doi_vs_cdoi.pdf>
Package pdftex.def Info: figures/input_l2_utility_doi_vs_cdoi.pdf  used on input line 167.
(pdftex.def)             Requested size: 146.8177pt x 91.47023pt.
<figures/input_dnn_utility_doi_vs_cdoi.pdf, id=495, 615.07294pt x 376.94829pt>
File: figures/input_dnn_utility_doi_vs_cdoi.pdf Graphic file (type pdf)
<use figures/input_dnn_utility_doi_vs_cdoi.pdf>
Package pdftex.def Info: figures/input_dnn_utility_doi_vs_cdoi.pdf  used on input line 170.
(pdftex.def)             Requested size: 146.8177pt x 89.97478pt.
<figures/input_l1_utility_doi_vs_csp.pdf, id=496, 620.09167pt x 377.10512pt>
File: figures/input_l1_utility_doi_vs_csp.pdf Graphic file (type pdf)
<use figures/input_l1_utility_doi_vs_csp.pdf>
Package pdftex.def Info: figures/input_l1_utility_doi_vs_csp.pdf  used on input line 174.
(pdftex.def)             Requested size: 146.8177pt x 89.28719pt.
<figures/input_l2_utility_doi_vs_csp.pdf, id=497, 605.03543pt x 377.10512pt>
File: figures/input_l2_utility_doi_vs_csp.pdf Graphic file (type pdf)
<use figures/input_l2_utility_doi_vs_csp.pdf>
Package pdftex.def Info: figures/input_l2_utility_doi_vs_csp.pdf  used on input line 177.
(pdftex.def)             Requested size: 146.8177pt x 91.50829pt.
File: figures/input_dnn_utility_vs_csp.pdf Graphic file (type pdf)
<use figures/input_dnn_utility_vs_csp.pdf>
Package pdftex.def Info: figures/input_dnn_utility_vs_csp.pdf  used on input line 180.
(pdftex.def)             Requested size: 146.8177pt x 90.0122pt.

Overfull \hbox (2.0025pt too wide) has occurred while \output is active
[] 
 []


Overfull \vbox (5.78505pt too high) has occurred while \output is active []

 [9 <./figures/fit_result_dnn.pdf>]

LaTeX Warning: Reference `fig_result_minst' on page 10 undefined on input line 190.

./data/experiment.tex:192: Missing endcsname inserted.
<to be read again> 
                   Ê
l.192 ...ªìÊûú/ÈöêÁßÅÊïèÊÑüÂ∫¶-‰ΩøÁî®ÈªòËÆ§q.png}}
                                                  
The control sequence marked <to be read again> should
not appear between \csname and \endcsname.

./data/experiment.tex:192: Use of ??? doesn't match its definition.
<argument> ???  
                ! LaTeX3 Error: Ê invalid in file name. Lost: fi ∑±Â∫¶Â≠¶‰π†...
l.192 ...ªìÊûú/ÈöêÁßÅÊïèÊÑüÂ∫¶-‰ΩøÁî®ÈªòËÆ§q.png}}
                                                  
If you say, e.g., `\def\a1{...}', then you must always
put `1' after `\a', since control sequence names are
made up of letters only. The macro here has not been
followed by the required stuff, so I'm ignoring it.

./data/experiment.tex:192: Missing endcsname inserted.
<to be read again> 
                   Ê
l.192 ...ªìÊûú/ÈöêÁßÅÊïèÊÑüÂ∫¶-‰ΩøÁî®ÈªòËÆ§q.png}}
                                                  
The control sequence marked <to be read again> should
not appear between \csname and \endcsname.

./data/experiment.tex:192: Use of ??? doesn't match its definition.
<argument> ???  
                ! LaTeX3 Error: Ê invalid in file name. Lost: fi ∑±Â∫¶Â≠¶‰π†...
l.192 ...ªìÊûú/ÈöêÁßÅÊïèÊÑüÂ∫¶-‰ΩøÁî®ÈªòËÆ§q.png}}
                                                  
If you say, e.g., `\def\a1{...}', then you must always
put `1' after `\a', since control sequence names are
made up of letters only. The macro here has not been
followed by the required stuff, so I'm ignoring it.

./data/experiment.tex:192: Missing endcsname inserted.
<to be read again> 
                   Ê
l.192 ...ªìÊûú/ÈöêÁßÅÊïèÊÑüÂ∫¶-‰ΩøÁî®ÈªòËÆ§q.png}}
                                                  
The control sequence marked <to be read again> should
not appear between \csname and \endcsname.

./data/experiment.tex:192: Use of ??? doesn't match its definition.
<argument> ???  
                ! LaTeX3 Error: Ê invalid in file name. Lost: fi ∑±Â∫¶Â≠¶‰π†...
l.192 ...ªìÊûú/ÈöêÁßÅÊïèÊÑüÂ∫¶-‰ΩøÁî®ÈªòËÆ§q.png}}
                                                  
If you say, e.g., `\def\a1{...}', then you must always
put `1' after `\a', since control sequence names are
made up of letters only. The macro here has not been
followed by the required stuff, so I'm ignoring it.


./data/experiment.tex:192: LaTeX Error: File `fig/Ê∑±Â∫¶Â≠¶‰π†/ÂÆûÈ™åÁªìÊûú/ÈöêÁßÅÊïèÊÑüÂ∫¶-‰ΩøÁî®ÈªòËÆ§q.png' not found.

See the LaTeX manual or LaTeX Companion for explanation.
Type  H <return>  for immediate help.
 ...                                              
                                                  
l.192 ...ªìÊûú/ÈöêÁßÅÊïèÊÑüÂ∫¶-‰ΩøÁî®ÈªòËÆ§q.png}}
                                                  
I could not locate the file with any of these extensions:
.pdf,.png,.jpg,.mps,.jpeg,.jbig2,.jb2,.PDF,.PNG,.JPG,.JPEG,.JBIG2,.JB2,.eps,.eps
Try typing  <return>  to proceed.
If that doesn't work, type  X <return>  to quit.

./data/experiment.tex:206: Missing endcsname inserted.
<to be read again> 
                   Â
l.206 ...ght=1.98in]{fig/Âç†‰ΩçÁ¨¶/Âç†‰ΩçÁ¨¶.eps}}
                                                  
The control sequence marked <to be read again> should
not appear between \csname and \endcsname.

./data/experiment.tex:206: Use of ??? doesn't match its definition.
<argument> ???  
                ! LaTeX3 Error: Â invalid in file name. Lost: fi ç†‰ΩçÁ¨¶/Âç...
l.206 ...ght=1.98in]{fig/Âç†‰ΩçÁ¨¶/Âç†‰ΩçÁ¨¶.eps}}
                                                  
If you say, e.g., `\def\a1{...}', then you must always
put `1' after `\a', since control sequence names are
made up of letters only. The macro here has not been
followed by the required stuff, so I'm ignoring it.

./data/experiment.tex:206: Missing endcsname inserted.
<to be read again> 
                   Â
l.206 ...ght=1.98in]{fig/Âç†‰ΩçÁ¨¶/Âç†‰ΩçÁ¨¶.eps}}
                                                  
The control sequence marked <to be read again> should
not appear between \csname and \endcsname.

./data/experiment.tex:206: Use of ??? doesn't match its definition.
<argument> ???  
                ! LaTeX3 Error: Â invalid in file name. Lost: fi ç†‰ΩçÁ¨¶/Âç...
l.206 ...ght=1.98in]{fig/Âç†‰ΩçÁ¨¶/Âç†‰ΩçÁ¨¶.eps}}
                                                  
If you say, e.g., `\def\a1{...}', then you must always
put `1' after `\a', since control sequence names are
made up of letters only. The macro here has not been
followed by the required stuff, so I'm ignoring it.

./data/experiment.tex:206: Missing endcsname inserted.
<to be read again> 
                   Â
l.206 ...ght=1.98in]{fig/Âç†‰ΩçÁ¨¶/Âç†‰ΩçÁ¨¶.eps}}
                                                  
The control sequence marked <to be read again> should
not appear between \csname and \endcsname.

./data/experiment.tex:206: Use of ??? doesn't match its definition.
<argument> ???  
                ! LaTeX3 Error: Â invalid in file name. Lost: fi ç†‰ΩçÁ¨¶/Âç...
l.206 ...ght=1.98in]{fig/Âç†‰ΩçÁ¨¶/Âç†‰ΩçÁ¨¶.eps}}
                                                  
If you say, e.g., `\def\a1{...}', then you must always
put `1' after `\a', since control sequence names are
made up of letters only. The macro here has not been
followed by the required stuff, so I'm ignoring it.


./data/experiment.tex:206: LaTeX Error: File `fig/Âç†‰ΩçÁ¨¶/Âç†‰ΩçÁ¨¶.eps' not found.

See the LaTeX manual or LaTeX Companion for explanation.
Type  H <return>  for immediate help.
 ...                                              
                                                  
l.206 ...ght=1.98in]{fig/Âç†‰ΩçÁ¨¶/Âç†‰ΩçÁ¨¶.eps}}
                                                  
I could not locate the file with any of these extensions:
.pdf,.png,.jpg,.mps,.jpeg,.jbig2,.jb2,.PDF,.PNG,.JPG,.JPEG,.JBIG2,.JB2,.eps,.eps
Try typing  <return>  to proceed.
If that doesn't work, type  X <return>  to quit.


Underfull \vbox (badness 10000) has occurred while \output is active []


Overfull \vbox (5.78505pt too high) has occurred while \output is active []

 [10 <./figures/input_l1_utility_vs_c.pdf> <./figures/input_l2_utility_vs_c.pdf> <./figures/input_dnn_utility_vs_c.pdf> <./figures/input_l1_utility_vs_cdoi.pdf> <./figures/input_l2_utility_vs_cdoi.pdf> <./figures/input_dnn_utility_vs_cdoi.pdf> <./figures/input_l1_utility_vs_csp.pdf> <./figures/input_l2_utility_vs_csp.pdf> <./figures/input_dnn_utility_vs_csp.pdf>]
./data/experiment.tex:213: Missing endcsname inserted.
<to be read again> 
                   Â
l.213 ...s[width=8cm]{fig/Âç†‰ΩçÁ¨¶/Âç†‰ΩçÁ¨¶.eps}
                                                  
The control sequence marked <to be read again> should
not appear between \csname and \endcsname.

./data/experiment.tex:213: Use of ??? doesn't match its definition.
<argument> ???  
                ! LaTeX3 Error: Â invalid in file name. Lost: fi ç†‰ΩçÁ¨¶/Âç...
l.213 ...s[width=8cm]{fig/Âç†‰ΩçÁ¨¶/Âç†‰ΩçÁ¨¶.eps}
                                                  
If you say, e.g., `\def\a1{...}', then you must always
put `1' after `\a', since control sequence names are
made up of letters only. The macro here has not been
followed by the required stuff, so I'm ignoring it.

./data/experiment.tex:213: Missing endcsname inserted.
<to be read again> 
                   Â
l.213 ...s[width=8cm]{fig/Âç†‰ΩçÁ¨¶/Âç†‰ΩçÁ¨¶.eps}
                                                  
The control sequence marked <to be read again> should
not appear between \csname and \endcsname.

./data/experiment.tex:213: Use of ??? doesn't match its definition.
<argument> ???  
                ! LaTeX3 Error: Â invalid in file name. Lost: fi ç†‰ΩçÁ¨¶/Âç...
l.213 ...s[width=8cm]{fig/Âç†‰ΩçÁ¨¶/Âç†‰ΩçÁ¨¶.eps}
                                                  
If you say, e.g., `\def\a1{...}', then you must always
put `1' after `\a', since control sequence names are
made up of letters only. The macro here has not been
followed by the required stuff, so I'm ignoring it.

./data/experiment.tex:213: Missing endcsname inserted.
<to be read again> 
                   Â
l.213 ...s[width=8cm]{fig/Âç†‰ΩçÁ¨¶/Âç†‰ΩçÁ¨¶.eps}
                                                  
The control sequence marked <to be read again> should
not appear between \csname and \endcsname.

./data/experiment.tex:213: Use of ??? doesn't match its definition.
<argument> ???  
                ! LaTeX3 Error: Â invalid in file name. Lost: fi ç†‰ΩçÁ¨¶/Âç...
l.213 ...s[width=8cm]{fig/Âç†‰ΩçÁ¨¶/Âç†‰ΩçÁ¨¶.eps}
                                                  
If you say, e.g., `\def\a1{...}', then you must always
put `1' after `\a', since control sequence names are
made up of letters only. The macro here has not been
followed by the required stuff, so I'm ignoring it.


./data/experiment.tex:213: LaTeX Error: File `fig/Âç†‰ΩçÁ¨¶/Âç†‰ΩçÁ¨¶.eps' not found.

See the LaTeX manual or LaTeX Companion for explanation.
Type  H <return>  for immediate help.
 ...                                              
                                                  
l.213 ...s[width=8cm]{fig/Âç†‰ΩçÁ¨¶/Âç†‰ΩçÁ¨¶.eps}
                                                  
I could not locate the file with any of these extensions:
.pdf,.png,.jpg,.mps,.jpeg,.jbig2,.jb2,.PDF,.PNG,.JPG,.JPEG,.JBIG2,.JB2,.eps,.eps
Try typing  <return>  to proceed.
If that doesn't work, type  X <return>  to quit.

Excluding 'comment' comment.
./data/experiment.tex:283: Missing endcsname inserted.
<to be read again> 
                   Â
l.283 ...=\textwidth]{fig/Âç†‰ΩçÁ¨¶/Âç†‰ΩçÁ¨¶.eps}
                                                   % ËØ∑ÊõøÊç¢‰∏∫‰Ω†ÁöÑÂõæÁâ...
The control sequence marked <to be read again> should
not appear between \csname and \endcsname.

./data/experiment.tex:283: Use of ??? doesn't match its definition.
<argument> ???  
                ! LaTeX3 Error: Â invalid in file name. Lost: fi ç†‰ΩçÁ¨¶/Âç...
l.283 ...=\textwidth]{fig/Âç†‰ΩçÁ¨¶/Âç†‰ΩçÁ¨¶.eps}
                                                   % ËØ∑ÊõøÊç¢‰∏∫‰Ω†ÁöÑÂõæÁâ...
If you say, e.g., `\def\a1{...}', then you must always
put `1' after `\a', since control sequence names are
made up of letters only. The macro here has not been
followed by the required stuff, so I'm ignoring it.

./data/experiment.tex:283: Missing endcsname inserted.
<to be read again> 
                   Â
l.283 ...=\textwidth]{fig/Âç†‰ΩçÁ¨¶/Âç†‰ΩçÁ¨¶.eps}
                                                   % ËØ∑ÊõøÊç¢‰∏∫‰Ω†ÁöÑÂõæÁâ...
The control sequence marked <to be read again> should
not appear between \csname and \endcsname.

./data/experiment.tex:283: Use of ??? doesn't match its definition.
<argument> ???  
                ! LaTeX3 Error: Â invalid in file name. Lost: fi ç†‰ΩçÁ¨¶/Âç...
l.283 ...=\textwidth]{fig/Âç†‰ΩçÁ¨¶/Âç†‰ΩçÁ¨¶.eps}
                                                   % ËØ∑ÊõøÊç¢‰∏∫‰Ω†ÁöÑÂõæÁâ...
If you say, e.g., `\def\a1{...}', then you must always
put `1' after `\a', since control sequence names are
made up of letters only. The macro here has not been
followed by the required stuff, so I'm ignoring it.

./data/experiment.tex:283: Missing endcsname inserted.
<to be read again> 
                   Â
l.283 ...=\textwidth]{fig/Âç†‰ΩçÁ¨¶/Âç†‰ΩçÁ¨¶.eps}
                                                   % ËØ∑ÊõøÊç¢‰∏∫‰Ω†ÁöÑÂõæÁâ...
The control sequence marked <to be read again> should
not appear between \csname and \endcsname.

./data/experiment.tex:283: Use of ??? doesn't match its definition.
<argument> ???  
                ! LaTeX3 Error: Â invalid in file name. Lost: fi ç†‰ΩçÁ¨¶/Âç...
l.283 ...=\textwidth]{fig/Âç†‰ΩçÁ¨¶/Âç†‰ΩçÁ¨¶.eps}
                                                   % ËØ∑ÊõøÊç¢‰∏∫‰Ω†ÁöÑÂõæÁâ...
If you say, e.g., `\def\a1{...}', then you must always
put `1' after `\a', since control sequence names are
made up of letters only. The macro here has not been
followed by the required stuff, so I'm ignoring it.


./data/experiment.tex:283: LaTeX Error: File `fig/Âç†‰ΩçÁ¨¶/Âç†‰ΩçÁ¨¶.eps' not found.

See the LaTeX manual or LaTeX Companion for explanation.
Type  H <return>  for immediate help.
 ...                                              
                                                  
l.283 ...=\textwidth]{fig/Âç†‰ΩçÁ¨¶/Âç†‰ΩçÁ¨¶.eps}
                                                   % ËØ∑ÊõøÊç¢‰∏∫‰Ω†ÁöÑÂõæÁâ...
I could not locate the file with any of these extensions:
.pdf,.png,.jpg,.mps,.jpeg,.jbig2,.jb2,.PDF,.PNG,.JPG,.JPEG,.JBIG2,.JB2,.eps,.eps
Try typing  <return>  to proceed.
If that doesn't work, type  X <return>  to quit.

./data/experiment.tex:290: Missing endcsname inserted.
<to be read again> 
                   Â
l.290 ...=\textwidth]{fig/Âç†‰ΩçÁ¨¶/Âç†‰ΩçÁ¨¶.eps}
                                                   % ËØ∑ÊõøÊç¢‰∏∫‰Ω†ÁöÑÂõæÁâ...
The control sequence marked <to be read again> should
not appear between \csname and \endcsname.

./data/experiment.tex:290: Use of ??? doesn't match its definition.
<argument> ???  
                ! LaTeX3 Error: Â invalid in file name. Lost: fi ç†‰ΩçÁ¨¶/Âç...
l.290 ...=\textwidth]{fig/Âç†‰ΩçÁ¨¶/Âç†‰ΩçÁ¨¶.eps}
                                                   % ËØ∑ÊõøÊç¢‰∏∫‰Ω†ÁöÑÂõæÁâ...
If you say, e.g., `\def\a1{...}', then you must always
put `1' after `\a', since control sequence names are
made up of letters only. The macro here has not been
followed by the required stuff, so I'm ignoring it.

./data/experiment.tex:290: Missing endcsname inserted.
<to be read again> 
                   Â
l.290 ...=\textwidth]{fig/Âç†‰ΩçÁ¨¶/Âç†‰ΩçÁ¨¶.eps}
                                                   % ËØ∑ÊõøÊç¢‰∏∫‰Ω†ÁöÑÂõæÁâ...
The control sequence marked <to be read again> should
not appear between \csname and \endcsname.

./data/experiment.tex:290: Use of ??? doesn't match its definition.
<argument> ???  
                ! LaTeX3 Error: Â invalid in file name. Lost: fi ç†‰ΩçÁ¨¶/Âç...
l.290 ...=\textwidth]{fig/Âç†‰ΩçÁ¨¶/Âç†‰ΩçÁ¨¶.eps}
                                                   % ËØ∑ÊõøÊç¢‰∏∫‰Ω†ÁöÑÂõæÁâ...
If you say, e.g., `\def\a1{...}', then you must always
put `1' after `\a', since control sequence names are
made up of letters only. The macro here has not been
followed by the required stuff, so I'm ignoring it.

./data/experiment.tex:290: Missing endcsname inserted.
<to be read again> 
                   Â
l.290 ...=\textwidth]{fig/Âç†‰ΩçÁ¨¶/Âç†‰ΩçÁ¨¶.eps}
                                                   % ËØ∑ÊõøÊç¢‰∏∫‰Ω†ÁöÑÂõæÁâ...
The control sequence marked <to be read again> should
not appear between \csname and \endcsname.

./data/experiment.tex:290: Use of ??? doesn't match its definition.
<argument> ???  
                ! LaTeX3 Error: Â invalid in file name. Lost: fi ç†‰ΩçÁ¨¶/Âç...
l.290 ...=\textwidth]{fig/Âç†‰ΩçÁ¨¶/Âç†‰ΩçÁ¨¶.eps}
                                                   % ËØ∑ÊõøÊç¢‰∏∫‰Ω†ÁöÑÂõæÁâ...
If you say, e.g., `\def\a1{...}', then you must always
put `1' after `\a', since control sequence names are
made up of letters only. The macro here has not been
followed by the required stuff, so I'm ignoring it.


./data/experiment.tex:290: LaTeX Error: File `fig/Âç†‰ΩçÁ¨¶/Âç†‰ΩçÁ¨¶.eps' not found.

See the LaTeX manual or LaTeX Companion for explanation.
Type  H <return>  for immediate help.
 ...                                              
                                                  
l.290 ...=\textwidth]{fig/Âç†‰ΩçÁ¨¶/Âç†‰ΩçÁ¨¶.eps}
                                                   % ËØ∑ÊõøÊç¢‰∏∫‰Ω†ÁöÑÂõæÁâ...
I could not locate the file with any of these extensions:
.pdf,.png,.jpg,.mps,.jpeg,.jbig2,.jb2,.PDF,.PNG,.JPG,.JPEG,.JBIG2,.JB2,.eps,.eps
Try typing  <return>  to proceed.
If that doesn't work, type  X <return>  to quit.

)
LaTeX Font Info:    Trying to load font information for C70+zhkai on input line 175.
 (c:/texlive/2022/texmf-dist/tex/latex/zhmetrics/c70zhkai.fd
File: c70zhkai.fd 2009/09/23 4.8.2
)
Package CJKpunct Info: use punctuation spaces for family 'zhkai' with punctstyle (quanjiao) on input line 175.
LaTeX Font Info:    Trying to load font information for OT1+pcr on input line 175.
 (c:/texlive/2022/texmf-dist/tex/latex/psnfss/ot1pcr.fd
File: ot1pcr.fd 2001/06/04 font definitions for OT1/pcr.
)
Overfull \hbox (2.0025pt too wide) has occurred while \output is active
[] 
 []


Overfull \vbox (5.78505pt too high) has occurred while \output is active []

 [11 <./figures/input_l1_utility_doi_vs_c.pdf> <./figures/input_l2_utility_doi_vs_c.pdf> <./figures/input_dnn_utility_doi_vs_c.pdf> <./figures/input_l1_utility_doi_vs_cdoi.pdf> <./figures/input_l2_utility_doi_vs_cdoi.pdf> <./figures/input_dnn_utility_doi_vs_cdoi.pdf> <./figures/input_l1_utility_doi_vs_csp.pdf> <./figures/input_l2_utility_doi_vs_csp.pdf>]
Underfull \vbox (badness 4899) has occurred while \output is active []


Overfull \vbox (5.78505pt too high) has occurred while \output is active []

 [12]
<CJC1.pdf, id=1335, 1897.0875pt x 1192.455pt>
File: CJC1.pdf Graphic file (type pdf)
<use CJC1.pdf>
Package pdftex.def Info: CJC1.pdf  used on input line 252.
(pdftex.def)             Requested size: 227.64067pt x 143.08842pt.


Package natbib Warning: Citation `Bohan1928' on page 13 undefined on input line 295.


Package natbib Warning: Citation `chen1980zhongguo' on page 13 undefined on input line 295.


Package natbib Warning: Citation `bravo1990comparative' on page 13 undefined on input line 295.


Package natbib Warning: Citation `niu2013zonghe' on page 13 undefined on input line 295.


Package natbib Warning: Citation `yuan2012lana' on page 13 undefined on input line 295.

(./CjC_template_tex.bbl)
Overfull \hbox (2.0025pt too wide) has occurred while \output is active
[] 
 []


Overfull \vbox (5.78505pt too high) has occurred while \output is active []

 [13 <./CJC1.pdf>]

c:/Users/ztf/Desktop/‰∏ã‰∏Ä‰∏™ÁÇπ/Ëá™ÂÆöËÆ∫Êñá/CHINESE-JOURNAL-OF-COMPUTERS--Overleaf-Latex-Template/Data-Trading-Game-Theory/CHINESE-JOURNAL-OF-COMPUTERS--Overleaf-Latex-Template-main/CjC_template_tex.tex:309: LaTeX Error: \begin{document} ended by \end{multicols}.

See the LaTeX manual or LaTeX Companion for explanation.
Type  H <return>  for immediate help.
 ...                                              
                                                  
l.309 \end{multicols}
                     
Your command was ignored.
Type  I <command> <return>  to replace it with another command,
or  <return>  to continue without it.

c:/Users/ztf/Desktop/‰∏ã‰∏Ä‰∏™ÁÇπ/Ëá™ÂÆöËÆ∫Êñá/CHINESE-JOURNAL-OF-COMPUTERS--Overleaf-Latex-Template/Data-Trading-Game-Theory/CHINESE-JOURNAL-OF-COMPUTERS--Overleaf-Latex-Template-main/CjC_template_tex.tex:309: Missing } inserted.
<inserted text> 
                }
l.309 \end{multicols}
                     
I've inserted something that you may have forgotten.
(See the <inserted text> above.)
With luck, this will get me unwedged. But if you
really didn't forget anything, try typing `2' now; then
my insertion and my current dilemma will both disappear.

c:/Users/ztf/Desktop/‰∏ã‰∏Ä‰∏™ÁÇπ/Ëá™ÂÆöËÆ∫Êñá/CHINESE-JOURNAL-OF-COMPUTERS--Overleaf-Latex-Template/Data-Trading-Game-Theory/CHINESE-JOURNAL-OF-COMPUTERS--Overleaf-Latex-Template-main/CjC_template_tex.tex:309: Missing } inserted.
<inserted text> 
                }
l.309 \end{multicols}
                     
I've inserted something that you may have forgotten.
(See the <inserted text> above.)
With luck, this will get me unwedged. But if you
really didn't forget anything, try typing `2' now; then
my insertion and my current dilemma will both disappear.

c:/Users/ztf/Desktop/‰∏ã‰∏Ä‰∏™ÁÇπ/Ëá™ÂÆöËÆ∫Êñá/CHINESE-JOURNAL-OF-COMPUTERS--Overleaf-Latex-Template/Data-Trading-Game-Theory/CHINESE-JOURNAL-OF-COMPUTERS--Overleaf-Latex-Template-main/CjC_template_tex.tex:309: Extra \endgroup.
<recently read> \endgroup 
                          
l.309 \end{multicols}
                     
Things are pretty mixed up, but I think the worst is over.


Package multicol Warning: Using `1' columns doesn't seem a good idea.
 I therefore use two columns instead on input line 311.


Underfull \hbox (badness 10000) in paragraph at lines 315--316

 []


Underfull \hbox (badness 10000) in paragraph at lines 315--316

 []


Package multicol Warning: Using `1' columns doesn't seem a good idea.
 I therefore use two columns instead on input line 320.

<yourphotofilename.jpg, id=1352, 120.45pt x 120.45pt>
File: yourphotofilename.jpg Graphic file (type jpg)
<use yourphotofilename.jpg>
Package pdftex.def Info: yourphotofilename.jpg  used on input line 321.
(pdftex.def)             Requested size: 71.13287pt x 93.89731pt.
File: yourphotofilename.jpg Graphic file (type jpg)
<use yourphotofilename.jpg>
Package pdftex.def Info: yourphotofilename.jpg  used on input line 327.
(pdftex.def)             Requested size: 71.13287pt x 93.89731pt.

Package multicol Warning: Using `1' columns doesn't seem a good idea.
 I therefore use two columns instead on input line 335.


Overfull \vbox (5.78505pt too high) has occurred while \output is active []

 [14 <./yourphotofilename.jpg>]

Package natbib Warning: There were undefined citations.

(./CjC_template_tex.aux)

LaTeX Font Warning: Size substitutions with differences
(Font)              up to 0.41063pt have occurred.


LaTeX Warning: There were undefined references.


LaTeX Warning: Label(s) may have changed. Rerun to get cross-references right.

 )
(\end occurred when \ifx on line 290 was incomplete)
(\end occurred when \ifx on line 290 was incomplete)
(\end occurred when \ifx on line 290 was incomplete)
(\end occurred when \ifx on line 283 was incomplete)
(\end occurred when \ifx on line 283 was incomplete)
(\end occurred when \ifx on line 283 was incomplete)
(\end occurred when \ifx on line 213 was incomplete)
(\end occurred when \ifx on line 213 was incomplete)
(\end occurred when \ifx on line 213 was incomplete)
(\end occurred when \ifx on line 206 was incomplete)
(\end occurred when \ifx on line 206 was incomplete)
(\end occurred when \ifx on line 206 was incomplete)
(\end occurred when \ifx on line 192 was incomplete)
(\end occurred when \ifx on line 192 was incomplete)
(\end occurred when \ifx on line 192 was incomplete) 
Here is how much of TeX's memory you used:
 15097 strings out of 478268
 266781 string characters out of 5850345
 519031 words of memory out of 5000000
 32308 multiletter control sequences out of 15000+600000
 604765 words of font info for 476 fonts, out of 8000000 for 9000
 1141 hyphenation exceptions out of 8191
 75i,15n,78p,1656b,1039s stack positions out of 10000i,1000n,20000p,200000b,200000s
<c:/Windows/Fonts/simhei.ttf><c:/Windows/Fonts/simhei.ttf><c:/Windows/Fonts/simkai.ttf><c:/Windows/Fonts/simkai.ttf><c:/Windows/Fonts/simkai.ttf><c:/Windows/Fonts/simhei.ttf><c:/Windows/Fonts/simhei.ttf><c:/Windows/Fonts/simfang.ttf><c:/Windows/Fonts/simhei.ttf><c:/Windows/Fonts/simhei.ttf><c:/Windows/Fonts/simhei.ttf><c:/Windows/Fonts/simsun.ttc>{c:/texlive/2022/texmf-dist/fonts/enc/dvips/base/8r.enc}<c:/Windows/Fonts/simkai.ttf><c:/Windows/Fonts/simkai.ttf><c:/Windows/Fonts/simkai.ttf><c:/Windows/Fonts/simkai.ttf><c:/Windows/Fonts/simkai.ttf><c:/Windows/Fonts/simfang.ttf><c:/Windows/Fonts/simfang.ttf><c:/Windows/Fonts/simfang.ttf><c:/Windows/Fonts/simfang.ttf><c:/Windows/Fonts/simhei.ttf><c:/Windows/Fonts/simhei.ttf><c:/Windows/Fonts/simhei.ttf><c:/Windows/Fonts/simkai.ttf><c:/Windows/Fonts/simkai.ttf><c:/Windows/Fonts/simkai.ttf><c:/Windows/Fonts/simkai.ttf><c:/Windows/Fonts/simkai.ttf><c:/Windows/Fonts/simkai.ttf><c:/Windows/Fonts/simhei.ttf><c:/Windows/Fonts/simsun.ttc><c:/Windows/Fonts/simhei.ttf><c:/Windows/Fonts/simsun.ttc><c:/Windows/Fonts/simsun.ttc><c:/Windows/Fonts/simsun.ttc><c:/Windows/Fonts/simsun.ttc><c:/Windows/Fonts/simsun.ttc><c:/Windows/Fonts/simhei.ttf><c:/Windows/Fonts/simhei.ttf><c:/Windows/Fonts/simhei.ttf><c:/Windows/Fonts/simhei.ttf><c:/Windows/Fonts/simsun.ttc><c:/Windows/Fonts/simsun.ttc><c:/Windows/Fonts/simsun.ttc><c:/Windows/Fonts/simhei.ttf><c:/Windows/Fonts/simsun.ttc><c:/Windows/Fonts/simsun.ttc><c:/Windows/Fonts/simsun.ttc><c:/Windows/Fonts/simhei.ttf><c:/Windows/Fonts/simsun.ttc><c:/Windows/Fonts/simhei.ttf><c:/Windows/Fonts/simsun.ttc><c:/Windows/Fonts/simsun.ttc><c:/Windows/Fonts/simhei.ttf><c:/Windows/Fonts/simhei.ttf><c:/Windows/Fonts/simhei.ttf><c:/Windows/Fonts/simsun.ttc><c:/Windows/Fonts/simsun.ttc><c:/Windows/Fonts/simsun.ttc><c:/Windows/Fonts/simsun.ttc><c:/Windows/Fonts/simsun.ttc><c:/Windows/Fonts/simsun.ttc><c:/Windows/Fonts/simsun.ttc><c:/Windows/Fonts/simsun.ttc><c:/Windows/Fonts/simsun.ttc><c:/Windows/Fonts/simsun.ttc><c:/Windows/Fonts/simsun.ttc><c:/Windows/Fonts/simsun.ttc><c:/Windows/Fonts/simsun.ttc><c:/Windows/Fonts/simsun.ttc><c:/Windows/Fonts/simsun.ttc><c:/Windows/Fonts/simsun.ttc><c:/Windows/Fonts/simsun.ttc><c:/Windows/Fonts/simsun.ttc><c:/Windows/Fonts/simsun.ttc><c:/Windows/Fonts/simsun.ttc><c:/Windows/Fonts/simsun.ttc><c:/Windows/Fonts/simsun.ttc><c:/Windows/Fonts/simsun.ttc><c:/Windows/Fonts/simsun.ttc><c:/Windows/Fonts/simsun.ttc><c:/Windows/Fonts/simsun.ttc><c:/Windows/Fonts/simsun.ttc><c:/Windows/Fonts/simsun.ttc><c:/Windows/Fonts/simsun.ttc><c:/Windows/Fonts/simsun.ttc><c:/Windows/Fonts/simsun.ttc><c:/Windows/Fonts/simsun.ttc><c:/Windows/Fonts/simsun.ttc><c:/Windows/Fonts/simsun.ttc><c:/Windows/Fonts/simsun.ttc><c:/Windows/Fonts/simhei.ttf><c:/Windows/Fonts/simhei.ttf><c:/Windows/Fonts/simhei.ttf><c:/Windows/Fonts/simhei.ttf><c:/Windows/Fonts/simhei.ttf><c:/Windows/Fonts/simhei.ttf><c:/Windows/Fonts/simhei.ttf><c:/Windows/Fonts/simhei.ttf><c:/Windows/Fonts/simhei.ttf><c:/Windows/Fonts/simhei.ttf><c:/Windows/Fonts/simhei.ttf><c:/Windows/Fonts/simhei.ttf><c:/Windows/Fonts/simhei.ttf><c:/Windows/Fonts/simhei.ttf><c:/Windows/Fonts/simhei.ttf><c:/Windows/Fonts/simhei.ttf><c:/Windows/Fonts/simhei.ttf><c:/Windows/Fonts/simsun.ttc><c:/Windows/Fonts/simsun.ttc><c:/Windows/Fonts/simsun.ttc><c:/Windows/Fonts/simsun.ttc><c:/Windows/Fonts/simsun.ttc><c:/Windows/Fonts/simsun.ttc><c:/Windows/Fonts/simsun.ttc><c:/Windows/Fonts/simsun.ttc><c:/Windows/Fonts/simsun.ttc><c:/Windows/Fonts/simsun.ttc><c:/Windows/Fonts/simsun.ttc><c:/Windows/Fonts/simsun.ttc><c:/Windows/Fonts/simsun.ttc><c:/Windows/Fonts/simsun.ttc><c:/Windows/Fonts/simsun.ttc><c:/Windows/Fonts/simsun.ttc><c:/Windows/Fonts/simsun.ttc><c:/Windows/Fonts/simsun.ttc><c:/Windows/Fonts/simsun.ttc><c:/Windows/Fonts/simsun.ttc><c:/Windows/Fonts/simfang.ttf><c:/Windows/Fonts/simfang.ttf><c:/Windows/Fonts/simfang.ttf><c:/Windows/Fonts/simfang.ttf><c:/Windows/Fonts/simfang.ttf><c:/Windows/Fonts/simfang.ttf><c:/Windows/Fonts/simhei.ttf><c:/Windows/Fonts/simhei.ttf><c:/Windows/Fonts/simhei.ttf><c:/Windows/Fonts/simhei.ttf><c:/Windows/Fonts/simhei.ttf><c:/Windows/Fonts/simhei.ttf><c:/Windows/Fonts/simhei.ttf><c:/Windows/Fonts/simhei.ttf><c:/Windows/Fonts/simhei.ttf><c:/Windows/Fonts/simhei.ttf><c:/Windows/Fonts/simhei.ttf><c:/Windows/Fonts/simhei.ttf><c:/Windows/Fonts/simhei.ttf><c:/Windows/Fonts/simhei.ttf><c:/Windows/Fonts/simhei.ttf><c:/Windows/Fonts/simhei.ttf><c:/Windows/Fonts/simhei.ttf><c:/Windows/Fonts/simhei.ttf><c:/Windows/Fonts/simhei.ttf><c:/Windows/Fonts/simhei.ttf><c:/Windows/Fonts/simsun.ttc><c:/Windows/Fonts/simsun.ttc><c:/Windows/Fonts/simsun.ttc><c:/Windows/Fonts/simsun.ttc><c:/Windows/Fonts/simsun.ttc><c:/Windows/Fonts/simsun.ttc><c:/Windows/Fonts/simsun.ttc><c:/texlive/2022/texmf-dist/fonts/type1/public/amsfonts/cm/cmex10.pfb><c:/texlive/2022/texmf-dist/fonts/type1/public/amsfonts/cmextra/cmex9.pfb><c:/texlive/2022/texmf-dist/fonts/type1/public/amsfonts/cm/cmmi10.pfb><c:/texlive/2022/texmf-dist/fonts/type1/public/amsfonts/cm/cmmi12.pfb><c:/texlive/2022/texmf-dist/fonts/type1/public/amsfonts/cm/cmmi5.pfb><c:/texlive/2022/texmf-dist/fonts/type1/public/amsfonts/cm/cmmi6.pfb><c:/texlive/2022/texmf-dist/fonts/type1/public/amsfonts/cm/cmmi7.pfb><c:/texlive/2022/texmf-dist/fonts/type1/public/amsfonts/cm/cmmi9.pfb><c:/texlive/2022/texmf-dist/fonts/type1/public/amsfonts/cm/cmr10.pfb><c:/texlive/2022/texmf-dist/fonts/type1/public/amsfonts/cm/cmr12.pfb><c:/texlive/2022/texmf-dist/fonts/type1/public/amsfonts/cm/cmr5.pfb><c:/texlive/2022/texmf-dist/fonts/type1/public/amsfonts/cm/cmr6.pfb><c:/texlive/2022/texmf-dist/fonts/type1/public/amsfonts/cm/cmr7.pfb><c:/texlive/2022/texmf-dist/fonts/type1/public/amsfonts/cm/cmr9.pfb><c:/texlive/2022/texmf-dist/fonts/type1/public/amsfonts/cm/cmsy10.pfb><c:/texlive/2022/texmf-dist/fonts/type1/public/amsfonts/cm/cmsy5.pfb><c:/texlive/2022/texmf-dist/fonts/type1/public/amsfonts/cm/cmsy6.pfb><c:/texlive/2022/texmf-dist/fonts/type1/public/amsfonts/cm/cmsy7.pfb><c:/texlive/2022/texmf-dist/fonts/type1/public/amsfonts/cm/cmsy9.pfb><c:/texlive/2022/texmf-dist/fonts/type1/urw/courier/ucrr8a.pfb><c:/texlive/2022/texmf-dist/fonts/type1/urw/helvetic/uhvr8a.pfb><c:/texlive/2022/texmf-dist/fonts/type1/urw/times/utmb8a.pfb><c:/texlive/2022/texmf-dist/fonts/type1/urw/times/utmr8a.pfb><c:/texlive/2022/texmf-dist/fonts/type1/urw/times/utmri8a.pfb>
Output written on CjC_template_tex.pdf (14 pages, 1846845 bytes).
PDF statistics:
 1949 PDF objects out of 2073 (max. 8388607)
 714 compressed objects within 8 object streams
 0 named destinations out of 1000 (max. 500000)
 433 words of extra memory for PDF output out of 10000 (max. 10000000)

